{"contracts/BaseCollection.sol":{"l":{"28":1364,"29":1364,"31":1364,"32":1364,"33":1364,"37":40,"39":39,"40":39,"41":39,"42":39,"43":39,"47":12,"54":12,"62":12,"66":2,"70":1,"78":350,"91":798},"path":"/Users/tpae/dev/niftykit/packages/contracts/niftykitv2/contracts/BaseCollection.sol","s":{"1":1364,"2":1364,"3":1364,"4":1364,"5":1364,"6":40,"7":39,"8":39,"9":39,"10":39,"11":39,"12":12,"13":12,"14":12,"15":2,"16":1,"17":350,"18":798},"b":{"1":[39,1]},"f":{"1":1364,"2":40,"3":12,"4":12,"5":12,"6":2,"7":1,"8":350,"9":798},"fnMap":{"1":{"name":"__BaseCollection_init","line":27,"loc":{"start":{"line":23,"column":4},"end":{"line":34,"column":4}}},"2":{"name":"withdraw","line":36,"loc":{"start":{"line":36,"column":4},"end":{"line":44,"column":4}}},"3":{"name":"setTreasury","line":46,"loc":{"start":{"line":46,"column":4},"end":{"line":48,"column":4}}},"4":{"name":"setDefaultRoyalty","line":52,"loc":{"start":{"line":50,"column":4},"end":{"line":55,"column":4}}},"5":{"name":"setTokenRoyalty","line":61,"loc":{"start":{"line":57,"column":4},"end":{"line":63,"column":4}}},"6":{"name":"treasury","line":65,"loc":{"start":{"line":65,"column":4},"end":{"line":67,"column":4}}},"7":{"name":"totalRevenue","line":69,"loc":{"start":{"line":69,"column":4},"end":{"line":71,"column":4}}},"8":{"name":"transferOwnership","line":74,"loc":{"start":{"line":74,"column":4},"end":{"line":79,"column":4}}},"9":{"name":"supportsInterface","line":84,"loc":{"start":{"line":84,"column":4},"end":{"line":94,"column":4}}}},"statementMap":{"1":{"start":{"line":28,"column":8},"end":{"line":28,"column":23}},"2":{"start":{"line":29,"column":8},"end":{"line":29,"column":23}},"3":{"start":{"line":31,"column":8},"end":{"line":31,"column":42}},"4":{"start":{"line":32,"column":8},"end":{"line":32,"column":28}},"5":{"start":{"line":33,"column":8},"end":{"line":33,"column":48}},"6":{"start":{"line":37,"column":8},"end":{"line":37,"column":54}},"7":{"start":{"line":39,"column":8},"end":{"line":39,"column":47}},"8":{"start":{"line":40,"column":8},"end":{"line":40,"column":55}},"9":{"start":{"line":41,"column":8},"end":{"line":41,"column":37}},"10":{"start":{"line":42,"column":8},"end":{"line":42,"column":70}},"11":{"start":{"line":43,"column":8},"end":{"line":43,"column":74}},"12":{"start":{"line":47,"column":8},"end":{"line":47,"column":30}},"13":{"start":{"line":54,"column":8},"end":{"line":54,"column":49}},"14":{"start":{"line":62,"column":8},"end":{"line":62,"column":56}},"15":{"start":{"line":66,"column":8},"end":{"line":66,"column":24}},"16":{"start":{"line":70,"column":8},"end":{"line":70,"column":28}},"17":{"start":{"line":78,"column":8},"end":{"line":78,"column":61}},"18":{"start":{"line":91,"column":8},"end":{"line":91,"column":2689}}},"branchMap":{"1":{"line":37,"type":"if","locations":[{"start":{"line":37,"column":8},"end":{"line":37,"column":8}},{"start":{"line":37,"column":8},"end":{"line":37,"column":8}}]}}},"contracts/erc721/DropCollection.sol":{"l":{"34":27,"35":27,"39":27,"43":27,"44":27,"54":422,"55":422,"56":422,"60":27,"61":27,"63":27,"71":0,"72":0,"73":0,"82":0,"89":13,"91":13,"92":13,"97":0,"107":39,"108":39,"110":39,"111":39,"112":39,"113":39,"117":0,"118":0,"122":0,"126":0,"130":0,"134":0,"138":0,"142":0,"146":6,"150":0,"154":27,"155":27,"157":27,"158":27,"159":27,"162":27,"163":27,"167":40,"168":54,"169":54,"183":54,"200":252},"path":"/Users/tpae/dev/niftykit/packages/contracts/niftykitv2/contracts/erc721/DropCollection.sol","s":{"1":27,"2":27,"3":27,"4":27,"5":422,"6":422,"7":422,"8":27,"9":27,"10":27,"11":0,"12":0,"13":0,"14":0,"15":13,"16":13,"17":13,"18":0,"19":39,"20":39,"21":39,"22":39,"23":39,"24":39,"25":0,"26":0,"27":0,"28":0,"29":0,"30":0,"31":0,"32":0,"33":6,"34":0,"35":27,"36":27,"37":27,"38":27,"39":27,"40":27,"41":40,"42":54,"43":54,"44":54,"45":252},"b":{"1":[27,0],"2":[27,0],"3":[27,0],"4":[27,0],"5":[27,0],"6":[27,0],"7":[0,0],"8":[0,0],"9":[0,0],"10":[13,0],"11":[27,0],"12":[27,0]},"f":{"1":27,"2":422,"3":27,"4":0,"5":13,"6":0,"7":39,"8":0,"9":0,"10":0,"11":0,"12":0,"13":0,"14":0,"15":6,"16":0,"17":27,"18":40,"19":54,"20":252},"fnMap":{"1":{"name":"onlyMintable","line":33,"loc":{"start":{"line":33,"column":4},"end":{"line":45,"column":4}}},"2":{"name":"initialize","line":53,"loc":{"start":{"line":47,"column":4},"end":{"line":57,"column":4}}},"3":{"name":"mint","line":59,"loc":{"start":{"line":59,"column":4},"end":{"line":64,"column":4}}},"4":{"name":"presaleMint","line":70,"loc":{"start":{"line":66,"column":4},"end":{"line":83,"column":4}}},"5":{"name":"batchAirdrop","line":88,"loc":{"start":{"line":85,"column":4},"end":{"line":94,"column":4}}},"6":{"name":"setMerkleRoot","line":96,"loc":{"start":{"line":96,"column":4},"end":{"line":98,"column":4}}},"7":{"name":"startSale","line":106,"loc":{"start":{"line":100,"column":4},"end":{"line":114,"column":4}}},"8":{"name":"stopSale","line":116,"loc":{"start":{"line":116,"column":4},"end":{"line":119,"column":4}}},"9":{"name":"setBaseURI","line":121,"loc":{"start":{"line":121,"column":4},"end":{"line":123,"column":4}}},"10":{"name":"maxAmount","line":125,"loc":{"start":{"line":125,"column":4},"end":{"line":127,"column":4}}},"11":{"name":"maxPerMint","line":129,"loc":{"start":{"line":129,"column":4},"end":{"line":131,"column":4}}},"12":{"name":"maxPerWallet","line":133,"loc":{"start":{"line":133,"column":4},"end":{"line":135,"column":4}}},"13":{"name":"price","line":137,"loc":{"start":{"line":137,"column":4},"end":{"line":139,"column":4}}},"14":{"name":"presaleActive","line":141,"loc":{"start":{"line":141,"column":4},"end":{"line":143,"column":4}}},"15":{"name":"saleActive","line":145,"loc":{"start":{"line":145,"column":4},"end":{"line":147,"column":4}}},"16":{"name":"_baseURI","line":149,"loc":{"start":{"line":149,"column":4},"end":{"line":151,"column":4}}},"17":{"name":"_purchaseMint","line":153,"loc":{"start":{"line":153,"column":4},"end":{"line":164,"column":4}}},"18":{"name":"_mint","line":166,"loc":{"start":{"line":166,"column":4},"end":{"line":171,"column":4}}},"19":{"name":"_beforeTokenTransfer","line":174,"loc":{"start":{"line":174,"column":4},"end":{"line":184,"column":4}}},"20":{"name":"supportsInterface","line":189,"loc":{"start":{"line":189,"column":4},"end":{"line":201,"column":4}}}},"statementMap":{"1":{"start":{"line":34,"column":8},"end":{"line":34,"column":46}},"2":{"start":{"line":35,"column":8},"end":{"line":35,"column":1202}},"3":{"start":{"line":39,"column":8},"end":{"line":39,"column":1337}},"4":{"start":{"line":43,"column":8},"end":{"line":43,"column":64}},"5":{"start":{"line":54,"column":8},"end":{"line":54,"column":36}},"6":{"start":{"line":55,"column":8},"end":{"line":55,"column":32}},"7":{"start":{"line":56,"column":8},"end":{"line":56,"column":62}},"8":{"start":{"line":60,"column":8},"end":{"line":60,"column":49}},"9":{"start":{"line":61,"column":8},"end":{"line":61,"column":46}},"10":{"start":{"line":63,"column":8},"end":{"line":63,"column":44}},"11":{"start":{"line":71,"column":8},"end":{"line":71,"column":52}},"12":{"start":{"line":72,"column":8},"end":{"line":72,"column":52}},"13":{"start":{"line":73,"column":8},"end":{"line":73,"column":2397}},"14":{"start":{"line":82,"column":8},"end":{"line":82,"column":44}},"15":{"start":{"line":89,"column":8},"end":{"line":89,"column":54}},"16":{"start":{"line":91,"column":8},"end":{"line":91,"column":2875}},"17":{"start":{"line":92,"column":12},"end":{"line":92,"column":46}},"18":{"start":{"line":97,"column":8},"end":{"line":97,"column":28}},"19":{"start":{"line":107,"column":8},"end":{"line":107,"column":25}},"20":{"start":{"line":108,"column":8},"end":{"line":108,"column":31}},"21":{"start":{"line":110,"column":8},"end":{"line":110,"column":32}},"22":{"start":{"line":111,"column":8},"end":{"line":111,"column":34}},"23":{"start":{"line":112,"column":8},"end":{"line":112,"column":38}},"24":{"start":{"line":113,"column":8},"end":{"line":113,"column":24}},"25":{"start":{"line":117,"column":8},"end":{"line":117,"column":26}},"26":{"start":{"line":118,"column":8},"end":{"line":118,"column":29}},"27":{"start":{"line":122,"column":8},"end":{"line":122,"column":33}},"28":{"start":{"line":126,"column":8},"end":{"line":126,"column":25}},"29":{"start":{"line":130,"column":8},"end":{"line":130,"column":26}},"30":{"start":{"line":134,"column":8},"end":{"line":134,"column":28}},"31":{"start":{"line":138,"column":8},"end":{"line":138,"column":21}},"32":{"start":{"line":142,"column":8},"end":{"line":142,"column":29}},"33":{"start":{"line":146,"column":8},"end":{"line":146,"column":26}},"34":{"start":{"line":150,"column":8},"end":{"line":150,"column":28}},"35":{"start":{"line":154,"column":8},"end":{"line":154,"column":54}},"36":{"start":{"line":155,"column":8},"end":{"line":155,"column":68}},"37":{"start":{"line":158,"column":12},"end":{"line":158,"column":55}},"38":{"start":{"line":159,"column":12},"end":{"line":159,"column":56}},"39":{"start":{"line":162,"column":8},"end":{"line":162,"column":35}},"40":{"start":{"line":163,"column":8},"end":{"line":163,"column":26}},"41":{"start":{"line":167,"column":8},"end":{"line":167,"column":4887}},"42":{"start":{"line":168,"column":12},"end":{"line":168,"column":52}},"43":{"start":{"line":169,"column":12},"end":{"line":169,"column":35}},"44":{"start":{"line":183,"column":8},"end":{"line":183,"column":52}},"45":{"start":{"line":200,"column":8},"end":{"line":200,"column":51}}},"branchMap":{"1":{"line":34,"type":"if","locations":[{"start":{"line":34,"column":8},"end":{"line":34,"column":8}},{"start":{"line":34,"column":8},"end":{"line":34,"column":8}}]},"2":{"line":35,"type":"if","locations":[{"start":{"line":35,"column":8},"end":{"line":35,"column":8}},{"start":{"line":35,"column":8},"end":{"line":35,"column":8}}]},"3":{"line":39,"type":"if","locations":[{"start":{"line":39,"column":8},"end":{"line":39,"column":8}},{"start":{"line":39,"column":8},"end":{"line":39,"column":8}}]},"4":{"line":43,"type":"if","locations":[{"start":{"line":43,"column":8},"end":{"line":43,"column":8}},{"start":{"line":43,"column":8},"end":{"line":43,"column":8}}]},"5":{"line":60,"type":"if","locations":[{"start":{"line":60,"column":8},"end":{"line":60,"column":8}},{"start":{"line":60,"column":8},"end":{"line":60,"column":8}}]},"6":{"line":61,"type":"if","locations":[{"start":{"line":61,"column":8},"end":{"line":61,"column":8}},{"start":{"line":61,"column":8},"end":{"line":61,"column":8}}]},"7":{"line":71,"type":"if","locations":[{"start":{"line":71,"column":8},"end":{"line":71,"column":8}},{"start":{"line":71,"column":8},"end":{"line":71,"column":8}}]},"8":{"line":72,"type":"if","locations":[{"start":{"line":72,"column":8},"end":{"line":72,"column":8}},{"start":{"line":72,"column":8},"end":{"line":72,"column":8}}]},"9":{"line":73,"type":"if","locations":[{"start":{"line":73,"column":8},"end":{"line":73,"column":8}},{"start":{"line":73,"column":8},"end":{"line":73,"column":8}}]},"10":{"line":89,"type":"if","locations":[{"start":{"line":89,"column":8},"end":{"line":89,"column":8}},{"start":{"line":89,"column":8},"end":{"line":89,"column":8}}]},"11":{"line":154,"type":"if","locations":[{"start":{"line":154,"column":8},"end":{"line":154,"column":8}},{"start":{"line":154,"column":8},"end":{"line":154,"column":8}}]},"12":{"line":155,"type":"if","locations":[{"start":{"line":155,"column":8},"end":{"line":155,"column":8}},{"start":{"line":155,"column":8},"end":{"line":155,"column":8}}]}}},"contracts/erc721/TokenCollection.sol":{"l":{"30":520,"31":520,"32":520,"33":520,"35":520,"43":13,"53":117,"60":0,"64":13,"68":13,"76":76,"78":76,"79":76,"81":76,"82":76,"83":76,"92":0,"94":0,"95":0,"97":0,"98":0,"99":0,"107":89,"108":92,"109":92,"110":92,"121":0,"128":0,"140":92,"153":546},"path":"/Users/tpae/dev/niftykit/packages/contracts/niftykitv2/contracts/erc721/TokenCollection.sol","s":{"1":520,"2":520,"3":520,"4":520,"5":520,"6":13,"7":117,"8":0,"9":13,"10":13,"11":76,"12":76,"13":76,"14":76,"15":76,"16":0,"17":0,"18":0,"19":0,"20":0,"21":89,"22":92,"23":92,"24":92,"25":0,"26":0,"27":92,"28":546},"b":{},"f":{"1":520,"2":13,"3":117,"4":0,"5":13,"6":13,"7":76,"8":0,"9":89,"10":0,"11":0,"12":92,"13":546},"fnMap":{"1":{"name":"initialize","line":29,"loc":{"start":{"line":23,"column":4},"end":{"line":36,"column":4}}},"2":{"name":"mint","line":42,"loc":{"start":{"line":38,"column":4},"end":{"line":44,"column":4}}},"3":{"name":"createRedeemable","line":52,"loc":{"start":{"line":46,"column":4},"end":{"line":54,"column":4}}},"4":{"name":"setMerkleRoot","line":58,"loc":{"start":{"line":56,"column":4},"end":{"line":61,"column":4}}},"5":{"name":"invalidate","line":63,"loc":{"start":{"line":63,"column":4},"end":{"line":65,"column":4}}},"6":{"name":"revoke","line":67,"loc":{"start":{"line":67,"column":4},"end":{"line":69,"column":4}}},"7":{"name":"redeem","line":71,"loc":{"start":{"line":71,"column":4},"end":{"line":84,"column":4}}},"8":{"name":"redeem","line":86,"loc":{"start":{"line":86,"column":4},"end":{"line":100,"column":4}}},"9":{"name":"_mint","line":102,"loc":{"start":{"line":102,"column":4},"end":{"line":112,"column":4}}},"10":{"name":"tokenURI","line":115,"loc":{"start":{"line":115,"column":4},"end":{"line":122,"column":4}}},"11":{"name":"_burn","line":124,"loc":{"start":{"line":124,"column":4},"end":{"line":129,"column":4}}},"12":{"name":"_beforeTokenTransfer","line":131,"loc":{"start":{"line":131,"column":4},"end":{"line":141,"column":4}}},"13":{"name":"supportsInterface","line":146,"loc":{"start":{"line":146,"column":4},"end":{"line":154,"column":4}}}},"statementMap":{"1":{"start":{"line":30,"column":8},"end":{"line":30,"column":36}},"2":{"start":{"line":31,"column":8},"end":{"line":31,"column":32}},"3":{"start":{"line":32,"column":8},"end":{"line":32,"column":32}},"4":{"start":{"line":33,"column":8},"end":{"line":33,"column":30}},"5":{"start":{"line":35,"column":8},"end":{"line":35,"column":62}},"6":{"start":{"line":43,"column":8},"end":{"line":43,"column":31}},"7":{"start":{"line":53,"column":8},"end":{"line":53,"column":75}},"8":{"start":{"line":60,"column":8},"end":{"line":60,"column":44}},"9":{"start":{"line":64,"column":8},"end":{"line":64,"column":32}},"10":{"start":{"line":68,"column":8},"end":{"line":68,"column":28}},"11":{"start":{"line":76,"column":8},"end":{"line":76,"column":65}},"12":{"start":{"line":79,"column":12},"end":{"line":79,"column":55}},"13":{"start":{"line":81,"column":8},"end":{"line":81,"column":35}},"14":{"start":{"line":82,"column":8},"end":{"line":82,"column":57}},"15":{"start":{"line":83,"column":8},"end":{"line":83,"column":58}},"16":{"start":{"line":92,"column":8},"end":{"line":92,"column":65}},"17":{"start":{"line":95,"column":12},"end":{"line":95,"column":55}},"18":{"start":{"line":97,"column":8},"end":{"line":97,"column":35}},"19":{"start":{"line":98,"column":8},"end":{"line":98,"column":57}},"20":{"start":{"line":99,"column":8},"end":{"line":99,"column":65}},"21":{"start":{"line":107,"column":8},"end":{"line":107,"column":3203}},"22":{"start":{"line":108,"column":12},"end":{"line":108,"column":52}},"23":{"start":{"line":109,"column":12},"end":{"line":109,"column":35}},"24":{"start":{"line":110,"column":12},"end":{"line":110,"column":39}},"25":{"start":{"line":121,"column":8},"end":{"line":121,"column":60}},"26":{"start":{"line":128,"column":8},"end":{"line":128,"column":49}},"27":{"start":{"line":140,"column":8},"end":{"line":140,"column":52}},"28":{"start":{"line":153,"column":8},"end":{"line":153,"column":51}}},"branchMap":{}},"contracts/erc721a/DropCollection.sol":{"l":{"33":0,"34":0,"38":27,"42":27,"43":27,"53":27,"54":27,"55":27,"59":422,"60":422,"62":27,"70":27,"71":27,"72":0,"81":0,"88":0,"90":0,"91":13,"96":13,"106":13,"107":0,"109":0,"110":39,"111":39,"112":39,"116":39,"117":39,"121":0,"125":0,"129":0,"133":0,"137":0,"141":0,"145":0,"149":0,"153":6,"154":0,"156":27,"157":27,"160":27,"161":27,"163":27,"164":27,"178":27},"path":"/Users/tpae/dev/niftykit/packages/contracts/niftykitv2/contracts/erc721a/DropCollection.sol","s":{"1":0,"2":27,"3":27,"4":27,"5":27,"6":27,"7":422,"8":422,"9":27,"10":27,"11":27,"12":0,"13":0,"14":0,"15":0,"16":13,"17":13,"18":13,"19":13,"20":0,"21":39,"22":39,"23":39,"24":39,"25":39,"26":39,"27":0,"28":0,"29":0,"30":0,"31":0,"32":0,"33":0,"34":0,"35":0,"36":27,"37":27,"38":27,"39":27,"40":27,"41":27,"42":27},"b":{"1":[0,0],"2":[27,0],"3":[27,0],"4":[27,0],"5":[422,0],"6":[27,0],"7":[27,0],"8":[0,0],"9":[0,0],"10":[0,0],"11":[0,6],"12":[27,0]},"f":{"1":0,"2":27,"3":422,"4":27,"5":0,"6":13,"7":13,"8":39,"9":39,"10":0,"11":0,"12":0,"13":0,"14":0,"15":0,"16":0,"17":6,"18":27},"fnMap":{"1":{"name":"onlyMintable","line":32,"loc":{"start":{"line":32,"column":4},"end":{"line":44,"column":4}}},"2":{"name":"initialize","line":52,"loc":{"start":{"line":46,"column":4},"end":{"line":56,"column":4}}},"3":{"name":"mint","line":58,"loc":{"start":{"line":58,"column":4},"end":{"line":63,"column":4}}},"4":{"name":"presaleMint","line":69,"loc":{"start":{"line":65,"column":4},"end":{"line":82,"column":4}}},"5":{"name":"batchAirdrop","line":87,"loc":{"start":{"line":84,"column":4},"end":{"line":93,"column":4}}},"6":{"name":"setMerkleRoot","line":95,"loc":{"start":{"line":95,"column":4},"end":{"line":97,"column":4}}},"7":{"name":"startSale","line":105,"loc":{"start":{"line":99,"column":4},"end":{"line":113,"column":4}}},"8":{"name":"stopSale","line":115,"loc":{"start":{"line":115,"column":4},"end":{"line":118,"column":4}}},"9":{"name":"setBaseURI","line":120,"loc":{"start":{"line":120,"column":4},"end":{"line":122,"column":4}}},"10":{"name":"maxAmount","line":124,"loc":{"start":{"line":124,"column":4},"end":{"line":126,"column":4}}},"11":{"name":"maxPerMint","line":128,"loc":{"start":{"line":128,"column":4},"end":{"line":130,"column":4}}},"12":{"name":"maxPerWallet","line":132,"loc":{"start":{"line":132,"column":4},"end":{"line":134,"column":4}}},"13":{"name":"price","line":136,"loc":{"start":{"line":136,"column":4},"end":{"line":138,"column":4}}},"14":{"name":"presaleActive","line":140,"loc":{"start":{"line":140,"column":4},"end":{"line":142,"column":4}}},"15":{"name":"saleActive","line":144,"loc":{"start":{"line":144,"column":4},"end":{"line":146,"column":4}}},"16":{"name":"_baseURI","line":148,"loc":{"start":{"line":148,"column":4},"end":{"line":150,"column":4}}},"17":{"name":"_purchaseMint","line":152,"loc":{"start":{"line":152,"column":4},"end":{"line":165,"column":4}}},"18":{"name":"supportsInterface","line":171,"loc":{"start":{"line":171,"column":4},"end":{"line":181,"column":4}}}},"statementMap":{"1":{"start":{"line":33,"column":8},"end":{"line":33,"column":46}},"2":{"start":{"line":34,"column":8},"end":{"line":34,"column":1114}},"3":{"start":{"line":38,"column":8},"end":{"line":38,"column":1243}},"4":{"start":{"line":42,"column":8},"end":{"line":42,"column":64}},"5":{"start":{"line":53,"column":8},"end":{"line":53,"column":37}},"6":{"start":{"line":54,"column":8},"end":{"line":54,"column":32}},"7":{"start":{"line":55,"column":8},"end":{"line":55,"column":62}},"8":{"start":{"line":59,"column":8},"end":{"line":59,"column":49}},"9":{"start":{"line":60,"column":8},"end":{"line":60,"column":46}},"10":{"start":{"line":62,"column":8},"end":{"line":62,"column":44}},"11":{"start":{"line":70,"column":8},"end":{"line":70,"column":52}},"12":{"start":{"line":71,"column":8},"end":{"line":71,"column":52}},"13":{"start":{"line":72,"column":8},"end":{"line":72,"column":2322}},"14":{"start":{"line":81,"column":8},"end":{"line":81,"column":44}},"15":{"start":{"line":88,"column":8},"end":{"line":88,"column":54}},"16":{"start":{"line":90,"column":8},"end":{"line":90,"column":2800}},"17":{"start":{"line":91,"column":12},"end":{"line":91,"column":46}},"18":{"start":{"line":96,"column":8},"end":{"line":96,"column":28}},"19":{"start":{"line":106,"column":8},"end":{"line":106,"column":25}},"20":{"start":{"line":107,"column":8},"end":{"line":107,"column":31}},"21":{"start":{"line":109,"column":8},"end":{"line":109,"column":32}},"22":{"start":{"line":110,"column":8},"end":{"line":110,"column":34}},"23":{"start":{"line":111,"column":8},"end":{"line":111,"column":38}},"24":{"start":{"line":112,"column":8},"end":{"line":112,"column":24}},"25":{"start":{"line":116,"column":8},"end":{"line":116,"column":26}},"26":{"start":{"line":117,"column":8},"end":{"line":117,"column":29}},"27":{"start":{"line":121,"column":8},"end":{"line":121,"column":33}},"28":{"start":{"line":125,"column":8},"end":{"line":125,"column":25}},"29":{"start":{"line":129,"column":8},"end":{"line":129,"column":26}},"30":{"start":{"line":133,"column":8},"end":{"line":133,"column":28}},"31":{"start":{"line":137,"column":8},"end":{"line":137,"column":21}},"32":{"start":{"line":141,"column":8},"end":{"line":141,"column":29}},"33":{"start":{"line":145,"column":8},"end":{"line":145,"column":26}},"34":{"start":{"line":149,"column":8},"end":{"line":149,"column":28}},"35":{"start":{"line":153,"column":8},"end":{"line":153,"column":54}},"36":{"start":{"line":154,"column":8},"end":{"line":154,"column":68}},"37":{"start":{"line":157,"column":12},"end":{"line":157,"column":55}},"38":{"start":{"line":160,"column":8},"end":{"line":160,"column":59}},"39":{"start":{"line":161,"column":8},"end":{"line":161,"column":39}},"40":{"start":{"line":163,"column":8},"end":{"line":163,"column":35}},"41":{"start":{"line":164,"column":8},"end":{"line":164,"column":26}},"42":{"start":{"line":178,"column":8},"end":{"line":178,"column":5143}}},"branchMap":{"1":{"line":33,"type":"if","locations":[{"start":{"line":33,"column":8},"end":{"line":33,"column":8}},{"start":{"line":33,"column":8},"end":{"line":33,"column":8}}]},"2":{"line":34,"type":"if","locations":[{"start":{"line":34,"column":8},"end":{"line":34,"column":8}},{"start":{"line":34,"column":8},"end":{"line":34,"column":8}}]},"3":{"line":38,"type":"if","locations":[{"start":{"line":38,"column":8},"end":{"line":38,"column":8}},{"start":{"line":38,"column":8},"end":{"line":38,"column":8}}]},"4":{"line":42,"type":"if","locations":[{"start":{"line":42,"column":8},"end":{"line":42,"column":8}},{"start":{"line":42,"column":8},"end":{"line":42,"column":8}}]},"5":{"line":59,"type":"if","locations":[{"start":{"line":59,"column":8},"end":{"line":59,"column":8}},{"start":{"line":59,"column":8},"end":{"line":59,"column":8}}]},"6":{"line":60,"type":"if","locations":[{"start":{"line":60,"column":8},"end":{"line":60,"column":8}},{"start":{"line":60,"column":8},"end":{"line":60,"column":8}}]},"7":{"line":70,"type":"if","locations":[{"start":{"line":70,"column":8},"end":{"line":70,"column":8}},{"start":{"line":70,"column":8},"end":{"line":70,"column":8}}]},"8":{"line":71,"type":"if","locations":[{"start":{"line":71,"column":8},"end":{"line":71,"column":8}},{"start":{"line":71,"column":8},"end":{"line":71,"column":8}}]},"9":{"line":72,"type":"if","locations":[{"start":{"line":72,"column":8},"end":{"line":72,"column":8}},{"start":{"line":72,"column":8},"end":{"line":72,"column":8}}]},"10":{"line":88,"type":"if","locations":[{"start":{"line":88,"column":8},"end":{"line":88,"column":8}},{"start":{"line":88,"column":8},"end":{"line":88,"column":8}}]},"11":{"line":153,"type":"if","locations":[{"start":{"line":153,"column":8},"end":{"line":153,"column":8}},{"start":{"line":153,"column":8},"end":{"line":153,"column":8}}]},"12":{"line":154,"type":"if","locations":[{"start":{"line":154,"column":8},"end":{"line":154,"column":8}},{"start":{"line":154,"column":8},"end":{"line":154,"column":8}}]}}},"contracts/interfaces/IBaseCollection.sol":{"l":{},"path":"/Users/tpae/dev/niftykit/packages/contracts/niftykitv2/contracts/interfaces/IBaseCollection.sol","s":{},"b":{},"f":{},"fnMap":{},"statementMap":{},"branchMap":{}},"contracts/interfaces/INiftyKit.sol":{"l":{},"path":"/Users/tpae/dev/niftykit/packages/contracts/niftykitv2/contracts/interfaces/INiftyKit.sol","s":{},"b":{},"f":{},"fnMap":{},"statementMap":{},"branchMap":{}},"contracts/NiftyKitV2.sol":{"l":{"29":0,"30":0,"41":79,"42":79,"43":350,"48":350,"56":350,"57":350,"61":350,"68":300,"75":0,"76":936,"81":0,"82":0,"89":0,"91":0,"92":0,"96":0,"98":0,"102":39,"104":39,"105":130,"112":130,"114":130,"115":39,"125":39,"129":39,"133":133,"137":133,"150":39,"151":0,"152":0,"153":350,"155":350},"path":"/Users/tpae/dev/niftykit/packages/contracts/niftykitv2/contracts/NiftyKitV2.sol","s":{"1":0,"2":0,"3":79,"4":79,"5":350,"6":350,"7":350,"8":350,"9":350,"10":300,"11":936,"12":0,"13":0,"14":0,"15":0,"16":0,"17":0,"18":0,"19":39,"20":39,"21":130,"22":130,"23":39,"24":39,"25":39,"26":133,"27":133,"28":39,"29":0,"30":350,"31":350,"32":350},"b":{"1":[350,-271],"2":[350,0],"3":[0,0],"4":[0,0],"5":[0,0],"6":[0,0],"7":[39,0],"8":[130,0]},"f":{"1":0,"2":0,"3":350,"4":350,"5":0,"6":0,"7":0,"8":39,"9":130,"10":39,"11":39,"12":133,"13":39},"fnMap":{"1":{"name":"initialize","line":28,"loc":{"start":{"line":28,"column":4},"end":{"line":31,"column":4}}},"2":{"name":"createCollection","line":33,"loc":{"start":{"line":33,"column":4},"end":{"line":58,"column":4}}},"3":{"name":"setTreasury","line":60,"loc":{"start":{"line":60,"column":4},"end":{"line":62,"column":4}}},"4":{"name":"setImplementation","line":66,"loc":{"start":{"line":64,"column":4},"end":{"line":69,"column":4}}},"5":{"name":"addCollection","line":73,"loc":{"start":{"line":71,"column":4},"end":{"line":83,"column":4}}},"6":{"name":"setRateOverride","line":87,"loc":{"start":{"line":85,"column":4},"end":{"line":93,"column":4}}},"7":{"name":"withdraw","line":95,"loc":{"start":{"line":95,"column":4},"end":{"line":99,"column":4}}},"8":{"name":"addFees","line":101,"loc":{"start":{"line":101,"column":4},"end":{"line":109,"column":4}}},"9":{"name":"addFeesClaimed","line":111,"loc":{"start":{"line":111,"column":4},"end":{"line":117,"column":4}}},"10":{"name":"commission","line":119,"loc":{"start":{"line":119,"column":4},"end":{"line":130,"column":4}}},"11":{"name":"getFees","line":132,"loc":{"start":{"line":132,"column":4},"end":{"line":134,"column":4}}},"12":{"name":"getImplementation","line":136,"loc":{"start":{"line":136,"column":4},"end":{"line":138,"column":4}}},"13":{"name":"_createCollection","line":142,"loc":{"start":{"line":142,"column":4},"end":{"line":156,"column":4}}}},"statementMap":{"1":{"start":{"line":29,"column":8},"end":{"line":29,"column":23}},"2":{"start":{"line":30,"column":8},"end":{"line":30,"column":31}},"3":{"start":{"line":41,"column":8},"end":{"line":41,"column":57}},"4":{"start":{"line":42,"column":8},"end":{"line":42,"column":70}},"5":{"start":{"line":43,"column":8},"end":{"line":43,"column":1821}},"6":{"start":{"line":48,"column":8},"end":{"line":48,"column":1960}},"7":{"start":{"line":56,"column":8},"end":{"line":56,"column":33}},"8":{"start":{"line":57,"column":8},"end":{"line":57,"column":48}},"9":{"start":{"line":61,"column":8},"end":{"line":61,"column":27}},"10":{"start":{"line":68,"column":8},"end":{"line":68,"column":48}},"11":{"start":{"line":75,"column":8},"end":{"line":75,"column":68}},"12":{"start":{"line":76,"column":8},"end":{"line":76,"column":2685}},"13":{"start":{"line":81,"column":8},"end":{"line":81,"column":35}},"14":{"start":{"line":82,"column":8},"end":{"line":82,"column":50}},"15":{"start":{"line":89,"column":8},"end":{"line":89,"column":67}},"16":{"start":{"line":91,"column":8},"end":{"line":91,"column":47}},"17":{"start":{"line":92,"column":8},"end":{"line":92,"column":45}},"18":{"start":{"line":96,"column":8},"end":{"line":96,"column":73}},"19":{"start":{"line":98,"column":8},"end":{"line":98,"column":63}},"20":{"start":{"line":102,"column":8},"end":{"line":102,"column":73}},"21":{"start":{"line":105,"column":12},"end":{"line":105,"column":3557}},"22":{"start":{"line":112,"column":8},"end":{"line":112,"column":73}},"23":{"start":{"line":115,"column":12},"end":{"line":115,"column":78}},"24":{"start":{"line":125,"column":8},"end":{"line":125,"column":4096}},"25":{"start":{"line":129,"column":8},"end":{"line":129,"column":42}},"26":{"start":{"line":133,"column":8},"end":{"line":133,"column":56}},"27":{"start":{"line":137,"column":8},"end":{"line":137,"column":39}},"28":{"start":{"line":150,"column":8},"end":{"line":150,"column":66}},"29":{"start":{"line":151,"column":8},"end":{"line":151,"column":62}},"30":{"start":{"line":152,"column":8},"end":{"line":152,"column":73}},"31":{"start":{"line":153,"column":8},"end":{"line":153,"column":49}},"32":{"start":{"line":155,"column":8},"end":{"line":155,"column":23}}},"branchMap":{"1":{"line":42,"type":"if","locations":[{"start":{"line":42,"column":8},"end":{"line":42,"column":8}},{"start":{"line":42,"column":8},"end":{"line":42,"column":8}}]},"2":{"line":43,"type":"if","locations":[{"start":{"line":43,"column":8},"end":{"line":43,"column":8}},{"start":{"line":43,"column":8},"end":{"line":43,"column":8}}]},"3":{"line":75,"type":"if","locations":[{"start":{"line":75,"column":8},"end":{"line":75,"column":8}},{"start":{"line":75,"column":8},"end":{"line":75,"column":8}}]},"4":{"line":76,"type":"if","locations":[{"start":{"line":76,"column":8},"end":{"line":76,"column":8}},{"start":{"line":76,"column":8},"end":{"line":76,"column":8}}]},"5":{"line":89,"type":"if","locations":[{"start":{"line":89,"column":8},"end":{"line":89,"column":8}},{"start":{"line":89,"column":8},"end":{"line":89,"column":8}}]},"6":{"line":96,"type":"if","locations":[{"start":{"line":96,"column":8},"end":{"line":96,"column":8}},{"start":{"line":96,"column":8},"end":{"line":96,"column":8}}]},"7":{"line":102,"type":"if","locations":[{"start":{"line":102,"column":8},"end":{"line":102,"column":8}},{"start":{"line":102,"column":8},"end":{"line":102,"column":8}}]},"8":{"line":112,"type":"if","locations":[{"start":{"line":112,"column":8},"end":{"line":112,"column":8}},{"start":{"line":112,"column":8},"end":{"line":112,"column":8}}]}}},"contracts/Redeemables.sol":{"l":{"40":5,"48":157,"58":117,"59":117,"61":117,"73":108,"82":76,"83":76,"84":75,"85":74,"86":73,"90":72,"95":71,"102":70,"103":70,"106":70,"111":65,"121":0,"122":0,"131":0,"135":0,"137":0,"141":13,"143":12,"149":13,"151":11},"path":"/Users/tpae/dev/niftykit/packages/contracts/niftykitv2/contracts/Redeemables.sol","s":{"1":5,"2":157,"3":117,"4":117,"5":117,"6":108,"7":76,"8":76,"9":75,"10":74,"11":73,"12":72,"13":71,"14":70,"15":70,"16":65,"17":0,"18":0,"19":0,"20":0,"21":0,"22":13,"23":12,"24":13,"25":11},"b":{"1":[75,1],"2":[74,1],"3":[73,1],"4":[72,1],"5":[71,1],"6":[70,1],"7":[0,0],"8":[0,0],"9":[12,1],"10":[11,2]},"f":{"1":5,"2":157,"3":117,"4":76,"5":0,"6":0,"7":13,"8":13},"fnMap":{"1":{"name":"totalRedeemables","line":39,"loc":{"start":{"line":39,"column":4},"end":{"line":41,"column":4}}},"2":{"name":"redeemableAt","line":43,"loc":{"start":{"line":43,"column":4},"end":{"line":49,"column":4}}},"3":{"name":"_createRedeemable","line":51,"loc":{"start":{"line":51,"column":4},"end":{"line":74,"column":4}}},"4":{"name":"_redeem","line":76,"loc":{"start":{"line":76,"column":4},"end":{"line":112,"column":4}}},"5":{"name":"_redeem","line":114,"loc":{"start":{"line":114,"column":4},"end":{"line":132,"column":4}}},"6":{"name":"_setMerkleRoot","line":134,"loc":{"start":{"line":134,"column":4},"end":{"line":138,"column":4}}},"7":{"name":"_invalidate","line":140,"loc":{"start":{"line":140,"column":4},"end":{"line":146,"column":4}}},"8":{"name":"_revoke","line":148,"loc":{"start":{"line":148,"column":4},"end":{"line":152,"column":4}}}},"statementMap":{"1":{"start":{"line":40,"column":8},"end":{"line":40,"column":44}},"2":{"start":{"line":48,"column":8},"end":{"line":48,"column":34}},"3":{"start":{"line":58,"column":8},"end":{"line":58,"column":60}},"4":{"start":{"line":59,"column":8},"end":{"line":59,"column":38}},"5":{"start":{"line":61,"column":8},"end":{"line":61,"column":1943}},"6":{"start":{"line":73,"column":8},"end":{"line":73,"column":44}},"7":{"start":{"line":82,"column":8},"end":{"line":82,"column":65}},"8":{"start":{"line":83,"column":8},"end":{"line":83,"column":47}},"9":{"start":{"line":84,"column":8},"end":{"line":84,"column":78}},"10":{"start":{"line":85,"column":8},"end":{"line":85,"column":74}},"11":{"start":{"line":86,"column":8},"end":{"line":86,"column":2757}},"12":{"start":{"line":90,"column":8},"end":{"line":90,"column":2897}},"13":{"start":{"line":95,"column":8},"end":{"line":95,"column":3079}},"14":{"start":{"line":103,"column":12},"end":{"line":103,"column":3350}},"15":{"start":{"line":106,"column":12},"end":{"line":106,"column":3490}},"16":{"start":{"line":111,"column":8},"end":{"line":111,"column":64}},"17":{"start":{"line":121,"column":8},"end":{"line":121,"column":65}},"18":{"start":{"line":122,"column":8},"end":{"line":122,"column":3942}},"19":{"start":{"line":131,"column":8},"end":{"line":131,"column":57}},"20":{"start":{"line":135,"column":8},"end":{"line":135,"column":63}},"21":{"start":{"line":137,"column":8},"end":{"line":137,"column":54}},"22":{"start":{"line":141,"column":8},"end":{"line":141,"column":63}},"23":{"start":{"line":143,"column":8},"end":{"line":143,"column":4578}},"24":{"start":{"line":149,"column":8},"end":{"line":149,"column":63}},"25":{"start":{"line":151,"column":8},"end":{"line":151,"column":48}}},"branchMap":{"1":{"line":83,"type":"if","locations":[{"start":{"line":83,"column":8},"end":{"line":83,"column":8}},{"start":{"line":83,"column":8},"end":{"line":83,"column":8}}]},"2":{"line":84,"type":"if","locations":[{"start":{"line":84,"column":8},"end":{"line":84,"column":8}},{"start":{"line":84,"column":8},"end":{"line":84,"column":8}}]},"3":{"line":85,"type":"if","locations":[{"start":{"line":85,"column":8},"end":{"line":85,"column":8}},{"start":{"line":85,"column":8},"end":{"line":85,"column":8}}]},"4":{"line":86,"type":"if","locations":[{"start":{"line":86,"column":8},"end":{"line":86,"column":8}},{"start":{"line":86,"column":8},"end":{"line":86,"column":8}}]},"5":{"line":90,"type":"if","locations":[{"start":{"line":90,"column":8},"end":{"line":90,"column":8}},{"start":{"line":90,"column":8},"end":{"line":90,"column":8}}]},"6":{"line":95,"type":"if","locations":[{"start":{"line":95,"column":8},"end":{"line":95,"column":8}},{"start":{"line":95,"column":8},"end":{"line":95,"column":8}}]},"7":{"line":122,"type":"if","locations":[{"start":{"line":122,"column":8},"end":{"line":122,"column":8}},{"start":{"line":122,"column":8},"end":{"line":122,"column":8}}]},"8":{"line":135,"type":"if","locations":[{"start":{"line":135,"column":8},"end":{"line":135,"column":8}},{"start":{"line":135,"column":8},"end":{"line":135,"column":8}}]},"9":{"line":141,"type":"if","locations":[{"start":{"line":141,"column":8},"end":{"line":141,"column":8}},{"start":{"line":141,"column":8},"end":{"line":141,"column":8}}]},"10":{"line":149,"type":"if","locations":[{"start":{"line":149,"column":8},"end":{"line":149,"column":8}},{"start":{"line":149,"column":8},"end":{"line":149,"column":8}}]}}}}