{
"contracts/BaseCollection.sol":{"l":{"28":574,"29":574,"31":574,"32":574,"33":574,"37":40,"39":39,"40":39,"41":39,"42":39,"43":39,"47":12,"54":12,"62":12,"66":2,"70":1,"78":574,"91":1176},"path":"/Users/tpae/dev/niftykit/packages/contracts/niftykitv2/contracts/BaseCollection.sol","s":{"1":574,"2":574,"3":574,"4":574,"5":574,"6":40,"7":39,"8":39,"9":39,"10":39,"11":39,"12":12,"13":12,"14":12,"15":2,"16":1,"17":574,"18":1176},"b":{"1":[39,1]},"f":{"1":574,"2":40,"3":12,"4":12,"5":12,"6":2,"7":1,"8":574,"9":1176},"fnMap":{"1":{"name":"__BaseCollection_init","line":27,"loc":{"start":{"line":23,"column":4},"end":{"line":34,"column":4}}},"2":{"name":"withdraw","line":36,"loc":{"start":{"line":36,"column":4},"end":{"line":44,"column":4}}},"3":{"name":"setTreasury","line":46,"loc":{"start":{"line":46,"column":4},"end":{"line":48,"column":4}}},"4":{"name":"setDefaultRoyalty","line":52,"loc":{"start":{"line":50,"column":4},"end":{"line":55,"column":4}}},"5":{"name":"setTokenRoyalty","line":61,"loc":{"start":{"line":57,"column":4},"end":{"line":63,"column":4}}},"6":{"name":"treasury","line":65,"loc":{"start":{"line":65,"column":4},"end":{"line":67,"column":4}}},"7":{"name":"totalRevenue","line":69,"loc":{"start":{"line":69,"column":4},"end":{"line":71,"column":4}}},"8":{"name":"transferOwnership","line":74,"loc":{"start":{"line":74,"column":4},"end":{"line":79,"column":4}}},"9":{"name":"supportsInterface","line":84,"loc":{"start":{"line":84,"column":4},"end":{"line":94,"column":4}}}},"statementMap":{"1":{"start":{"line":28,"column":8},"end":{"line":28,"column":23}},"2":{"start":{"line":29,"column":8},"end":{"line":29,"column":23}},"3":{"start":{"line":31,"column":8},"end":{"line":31,"column":42}},"4":{"start":{"line":32,"column":8},"end":{"line":32,"column":28}},"5":{"start":{"line":33,"column":8},"end":{"line":33,"column":48}},"6":{"start":{"line":37,"column":8},"end":{"line":37,"column":54}},"7":{"start":{"line":39,"column":8},"end":{"line":39,"column":47}},"8":{"start":{"line":40,"column":8},"end":{"line":40,"column":55}},"9":{"start":{"line":41,"column":8},"end":{"line":41,"column":37}},"10":{"start":{"line":42,"column":8},"end":{"line":42,"column":70}},"11":{"start":{"line":43,"column":8},"end":{"line":43,"column":74}},"12":{"start":{"line":47,"column":8},"end":{"line":47,"column":30}},"13":{"start":{"line":54,"column":8},"end":{"line":54,"column":49}},"14":{"start":{"line":62,"column":8},"end":{"line":62,"column":56}},"15":{"start":{"line":66,"column":8},"end":{"line":66,"column":24}},"16":{"start":{"line":70,"column":8},"end":{"line":70,"column":28}},"17":{"start":{"line":78,"column":8},"end":{"line":78,"column":61}},"18":{"start":{"line":91,"column":8},"end":{"line":91,"column":2689}}},"branchMap":{"1":{"line":37,"type":"if","locations":[{"start":{"line":37,"column":8},"end":{"line":37,"column":8}},{"start":{"line":37,"column":8},"end":{"line":37,"column":8}}]}}},
"contracts/DropKitPass.sol":{"l":{"39":3,"49":30,"50":30,"52":30,"53":30,"54":30,"55":30,"57":30,"58":30,"62":0,"64":0,"65":0,"72":28,"79":92,"84":92,"85":92,"86":200,"91":0,"98":0,"102":12,"106":0,"110":236,"111":233,"115":5,"116":5,"117":4,"120":1,"124":228,"125":228,"126":228,"127":228,"128":228,"130":228,"138":348,"142":1,"155":228,"156":228,"159":228,"160":120,"161":120,"165":228,"166":48,"170":228,"171":228,"172":228,"176":228,"178":0,"181":0,"182":0,"184":0,"185":0,"186":0,"187":0,"193":0,"197":0,"200":0,"204":228,"222":0},"path":"/Users/tpae/dev/niftykit/packages/contracts/niftykitv2/contracts/DropKitPass.sol","s":{"1":3,"2":30,"3":30,"4":30,"5":30,"6":30,"7":30,"8":30,"9":30,"10":0,"11":0,"12":0,"13":28,"14":92,"15":92,"16":92,"17":200,"18":0,"19":0,"20":12,"21":0,"22":236,"23":233,"24":5,"25":5,"26":4,"27":1,"28":228,"29":228,"30":228,"31":228,"32":348,"33":1,"34":228,"35":228,"36":228,"37":120,"38":120,"39":228,"40":48,"41":228,"42":0,"43":0,"44":0,"45":0,"46":0,"47":0,"48":0,"49":0,"50":228,"51":0},"b":{"1":[0,0],"2":[92,0],"3":[233,3],"4":[4,1],"5":[120,108],"6":[48,180],"7":[0,228],"8":[0,0]},"f":{"1":3,"2":30,"3":0,"4":28,"5":92,"6":0,"7":0,"8":12,"9":0,"10":236,"11":5,"12":228,"13":348,"14":1,"15":228,"16":0},"fnMap":{"1":{"name":"constructor","line":38,"loc":{"start":{"line":38,"column":4},"end":{"line":40,"column":4}}},"2":{"name":"initialize","line":48,"loc":{"start":{"line":42,"column":4},"end":{"line":59,"column":4}}},"3":{"name":"withdraw","line":61,"loc":{"start":{"line":61,"column":4},"end":{"line":66,"column":4}}},"4":{"name":"mint","line":70,"loc":{"start":{"line":68,"column":4},"end":{"line":73,"column":4}}},"5":{"name":"batchAirdrop","line":78,"loc":{"start":{"line":75,"column":4},"end":{"line":88,"column":4}}},"6":{"name":"setTreasury","line":90,"loc":{"start":{"line":90,"column":4},"end":{"line":92,"column":4}}},"7":{"name":"setDefaultRoyalty","line":96,"loc":{"start":{"line":94,"column":4},"end":{"line":99,"column":4}}},"8":{"name":"setBaseURI","line":101,"loc":{"start":{"line":101,"column":4},"end":{"line":103,"column":4}}},"9":{"name":"treasury","line":105,"loc":{"start":{"line":105,"column":4},"end":{"line":107,"column":4}}},"10":{"name":"getFeeRate","line":109,"loc":{"start":{"line":109,"column":4},"end":{"line":112,"column":4}}},"11":{"name":"getFeeRateOf","line":114,"loc":{"start":{"line":114,"column":4},"end":{"line":121,"column":4}}},"12":{"name":"_mintPass","line":123,"loc":{"start":{"line":123,"column":4},"end":{"line":131,"column":4}}},"13":{"name":"_feeValue","line":133,"loc":{"start":{"line":133,"column":4},"end":{"line":139,"column":4}}},"14":{"name":"_baseURI","line":141,"loc":{"start":{"line":141,"column":4},"end":{"line":143,"column":4}}},"15":{"name":"_beforeTokenTransfer","line":146,"loc":{"start":{"line":146,"column":4},"end":{"line":205,"column":4}}},"16":{"name":"supportsInterface","line":210,"loc":{"start":{"line":210,"column":4},"end":{"line":223,"column":4}}}},"statementMap":{"1":{"start":{"line":39,"column":8},"end":{"line":39,"column":29}},"2":{"start":{"line":49,"column":8},"end":{"line":49,"column":36}},"3":{"start":{"line":50,"column":8},"end":{"line":50,"column":32}},"4":{"start":{"line":52,"column":8},"end":{"line":52,"column":29}},"5":{"start":{"line":53,"column":8},"end":{"line":53,"column":51}},"6":{"start":{"line":54,"column":8},"end":{"line":54,"column":23}},"7":{"start":{"line":55,"column":8},"end":{"line":55,"column":23}},"8":{"start":{"line":57,"column":8},"end":{"line":57,"column":28}},"9":{"start":{"line":58,"column":8},"end":{"line":58,"column":48}},"10":{"start":{"line":62,"column":8},"end":{"line":62,"column":54}},"11":{"start":{"line":64,"column":8},"end":{"line":64,"column":47}},"12":{"start":{"line":65,"column":8},"end":{"line":65,"column":64}},"13":{"start":{"line":72,"column":8},"end":{"line":72,"column":29}},"14":{"start":{"line":79,"column":8},"end":{"line":79,"column":2736}},"15":{"start":{"line":84,"column":8},"end":{"line":84,"column":42}},"16":{"start":{"line":85,"column":8},"end":{"line":85,"column":2902}},"17":{"start":{"line":86,"column":12},"end":{"line":86,"column":48}},"18":{"start":{"line":91,"column":8},"end":{"line":91,"column":30}},"19":{"start":{"line":98,"column":8},"end":{"line":98,"column":49}},"20":{"start":{"line":102,"column":8},"end":{"line":102,"column":33}},"21":{"start":{"line":106,"column":8},"end":{"line":106,"column":24}},"22":{"start":{"line":110,"column":8},"end":{"line":110,"column":68}},"23":{"start":{"line":111,"column":8},"end":{"line":111,"column":46}},"24":{"start":{"line":115,"column":8},"end":{"line":115,"column":65}},"25":{"start":{"line":116,"column":8},"end":{"line":116,"column":3838}},"26":{"start":{"line":117,"column":12},"end":{"line":117,"column":34}},"27":{"start":{"line":120,"column":8},"end":{"line":120,"column":30}},"28":{"start":{"line":124,"column":8},"end":{"line":124,"column":48}},"29":{"start":{"line":125,"column":8},"end":{"line":125,"column":61}},"30":{"start":{"line":126,"column":8},"end":{"line":126,"column":43}},"31":{"start":{"line":130,"column":8},"end":{"line":130,"column":31}},"32":{"start":{"line":138,"column":8},"end":{"line":138,"column":41}},"33":{"start":{"line":142,"column":8},"end":{"line":142,"column":28}},"34":{"start":{"line":155,"column":8},"end":{"line":155,"column":44}},"35":{"start":{"line":156,"column":8},"end":{"line":156,"column":65}},"36":{"start":{"line":159,"column":8},"end":{"line":159,"column":5026}},"37":{"start":{"line":160,"column":12},"end":{"line":160,"column":64}},"38":{"start":{"line":161,"column":12},"end":{"line":161,"column":47}},"39":{"start":{"line":165,"column":8},"end":{"line":165,"column":5261}},"40":{"start":{"line":166,"column":12},"end":{"line":166,"column":53}},"41":{"start":{"line":176,"column":8},"end":{"line":176,"column":5609}},"42":{"start":{"line":178,"column":12},"end":{"line":178,"column":52}},"43":{"start":{"line":181,"column":12},"end":{"line":181,"column":66}},"44":{"start":{"line":182,"column":12},"end":{"line":182,"column":5891}},"45":{"start":{"line":184,"column":16},"end":{"line":184,"column":51}},"46":{"start":{"line":185,"column":16},"end":{"line":185,"column":6034}},"47":{"start":{"line":187,"column":24},"end":{"line":187,"column":6137}},"48":{"start":{"line":197,"column":16},"end":{"line":197,"column":61}},"49":{"start":{"line":200,"column":16},"end":{"line":200,"column":65}},"50":{"start":{"line":204,"column":8},"end":{"line":204,"column":52}},"51":{"start":{"line":222,"column":8},"end":{"line":222,"column":51}}},"branchMap":{"1":{"line":62,"type":"if","locations":[{"start":{"line":62,"column":8},"end":{"line":62,"column":8}},{"start":{"line":62,"column":8},"end":{"line":62,"column":8}}]},"2":{"line":79,"type":"if","locations":[{"start":{"line":79,"column":8},"end":{"line":79,"column":8}},{"start":{"line":79,"column":8},"end":{"line":79,"column":8}}]},"3":{"line":110,"type":"if","locations":[{"start":{"line":110,"column":8},"end":{"line":110,"column":8}},{"start":{"line":110,"column":8},"end":{"line":110,"column":8}}]},"4":{"line":116,"type":"if","locations":[{"start":{"line":116,"column":8},"end":{"line":116,"column":8}},{"start":{"line":116,"column":8},"end":{"line":116,"column":8}}]},"5":{"line":159,"type":"if","locations":[{"start":{"line":159,"column":8},"end":{"line":159,"column":8}},{"start":{"line":159,"column":8},"end":{"line":159,"column":8}}]},"6":{"line":165,"type":"if","locations":[{"start":{"line":165,"column":8},"end":{"line":165,"column":8}},{"start":{"line":165,"column":8},"end":{"line":165,"column":8}}]},"7":{"line":176,"type":"if","locations":[{"start":{"line":176,"column":8},"end":{"line":176,"column":8}},{"start":{"line":176,"column":8},"end":{"line":176,"column":8}}]},"8":{"line":182,"type":"if","locations":[{"start":{"line":182,"column":12},"end":{"line":182,"column":12}},{"start":{"line":182,"column":12},"end":{"line":182,"column":12}}]}}},
"contracts/erc721/DropCollection.sol":{"l":{"34":126,"38":83,"39":83,"43":83,"44":83,"54":182,"55":182,"56":182,"60":40,"61":40,"62":40,"67":40,"75":43,"76":43,"77":43,"78":43,"79":42,"80":39,"89":39,"96":13,"97":13,"99":13,"100":13,"101":10,"102":10,"108":78,"118":130,"119":130,"121":130,"122":130,"123":130,"124":130,"128":0,"129":0,"133":0,"137":0,"141":0,"145":0,"149":0,"153":12,"157":20,"161":0,"165":79,"167":79,"168":79,"169":79,"172":79,"173":79,"177":92,"178":106,"179":85,"180":85,"195":106,"208":546},"path":"/Users/tpae/dev/niftykit/packages/contracts/niftykitv2/contracts/erc721/DropCollection.sol","s":{"1":126,"2":83,"3":83,"4":83,"5":182,"6":182,"7":182,"8":40,"9":40,"10":40,"11":40,"12":43,"13":43,"14":43,"15":43,"16":42,"17":39,"18":39,"19":13,"20":13,"21":13,"22":13,"23":78,"24":130,"25":130,"26":130,"27":130,"28":130,"29":130,"30":0,"31":0,"32":0,"33":0,"34":0,"35":0,"36":0,"37":12,"38":20,"39":0,"40":79,"41":79,"42":79,"43":79,"44":79,"45":92,"46":106,"47":106,"48":546},"b":{"1":[83,0],"2":[83,0],"3":[83,0],"4":[40,0],"5":[40,0],"6":[40,0],"7":[43,0],"8":[43,0],"9":[42,1],"10":[39,3],"11":[39,0],"12":[13,0],"13":[79,0]},"f":{"1":126,"2":83,"3":182,"4":40,"5":43,"6":13,"7":78,"8":130,"9":0,"10":0,"11":0,"12":0,"13":0,"14":0,"15":12,"16":20,"17":0,"18":79,"19":92,"20":106,"21":546},"fnMap":{"1":{"name":"constructor","line":33,"loc":{"start":{"line":33,"column":4},"end":{"line":35,"column":4}}},"2":{"name":"onlyMintable","line":37,"loc":{"start":{"line":37,"column":4},"end":{"line":45,"column":4}}},"3":{"name":"initialize","line":53,"loc":{"start":{"line":47,"column":4},"end":{"line":57,"column":4}}},"4":{"name":"mint","line":59,"loc":{"start":{"line":59,"column":4},"end":{"line":68,"column":4}}},"5":{"name":"presaleMint","line":74,"loc":{"start":{"line":70,"column":4},"end":{"line":90,"column":4}}},"6":{"name":"batchAirdrop","line":95,"loc":{"start":{"line":92,"column":4},"end":{"line":105,"column":4}}},"7":{"name":"setMerkleRoot","line":107,"loc":{"start":{"line":107,"column":4},"end":{"line":109,"column":4}}},"8":{"name":"startSale","line":117,"loc":{"start":{"line":111,"column":4},"end":{"line":125,"column":4}}},"9":{"name":"stopSale","line":127,"loc":{"start":{"line":127,"column":4},"end":{"line":130,"column":4}}},"10":{"name":"setBaseURI","line":132,"loc":{"start":{"line":132,"column":4},"end":{"line":134,"column":4}}},"11":{"name":"maxAmount","line":136,"loc":{"start":{"line":136,"column":4},"end":{"line":138,"column":4}}},"12":{"name":"maxPerMint","line":140,"loc":{"start":{"line":140,"column":4},"end":{"line":142,"column":4}}},"13":{"name":"maxPerWallet","line":144,"loc":{"start":{"line":144,"column":4},"end":{"line":146,"column":4}}},"14":{"name":"price","line":148,"loc":{"start":{"line":148,"column":4},"end":{"line":150,"column":4}}},"15":{"name":"presaleActive","line":152,"loc":{"start":{"line":152,"column":4},"end":{"line":154,"column":4}}},"16":{"name":"saleActive","line":156,"loc":{"start":{"line":156,"column":4},"end":{"line":158,"column":4}}},"17":{"name":"_baseURI","line":160,"loc":{"start":{"line":160,"column":4},"end":{"line":162,"column":4}}},"18":{"name":"_purchaseMint","line":164,"loc":{"start":{"line":164,"column":4},"end":{"line":174,"column":4}}},"19":{"name":"_mint","line":176,"loc":{"start":{"line":176,"column":4},"end":{"line":183,"column":4}}},"20":{"name":"_beforeTokenTransfer","line":186,"loc":{"start":{"line":186,"column":4},"end":{"line":196,"column":4}}},"21":{"name":"supportsInterface","line":201,"loc":{"start":{"line":201,"column":4},"end":{"line":209,"column":4}}}},"statementMap":{"1":{"start":{"line":34,"column":8},"end":{"line":34,"column":29}},"2":{"start":{"line":38,"column":8},"end":{"line":38,"column":45}},"3":{"start":{"line":39,"column":8},"end":{"line":39,"column":1231}},"4":{"start":{"line":43,"column":8},"end":{"line":43,"column":64}},"5":{"start":{"line":54,"column":8},"end":{"line":54,"column":36}},"6":{"start":{"line":55,"column":8},"end":{"line":55,"column":32}},"7":{"start":{"line":56,"column":8},"end":{"line":56,"column":62}},"8":{"start":{"line":60,"column":8},"end":{"line":60,"column":49}},"9":{"start":{"line":61,"column":8},"end":{"line":61,"column":46}},"10":{"start":{"line":62,"column":8},"end":{"line":62,"column":1973}},"11":{"start":{"line":67,"column":8},"end":{"line":67,"column":44}},"12":{"start":{"line":75,"column":8},"end":{"line":75,"column":69}},"13":{"start":{"line":76,"column":8},"end":{"line":76,"column":52}},"14":{"start":{"line":77,"column":8},"end":{"line":77,"column":52}},"15":{"start":{"line":78,"column":8},"end":{"line":78,"column":72}},"16":{"start":{"line":79,"column":8},"end":{"line":79,"column":66}},"17":{"start":{"line":80,"column":8},"end":{"line":80,"column":2645}},"18":{"start":{"line":89,"column":8},"end":{"line":89,"column":44}},"19":{"start":{"line":96,"column":8},"end":{"line":96,"column":42}},"20":{"start":{"line":97,"column":8},"end":{"line":97,"column":64}},"21":{"start":{"line":99,"column":8},"end":{"line":99,"column":3177}},"22":{"start":{"line":100,"column":12},"end":{"line":100,"column":46}},"23":{"start":{"line":108,"column":8},"end":{"line":108,"column":28}},"24":{"start":{"line":118,"column":8},"end":{"line":118,"column":25}},"25":{"start":{"line":119,"column":8},"end":{"line":119,"column":31}},"26":{"start":{"line":121,"column":8},"end":{"line":121,"column":32}},"27":{"start":{"line":122,"column":8},"end":{"line":122,"column":34}},"28":{"start":{"line":123,"column":8},"end":{"line":123,"column":38}},"29":{"start":{"line":124,"column":8},"end":{"line":124,"column":24}},"30":{"start":{"line":128,"column":8},"end":{"line":128,"column":26}},"31":{"start":{"line":129,"column":8},"end":{"line":129,"column":29}},"32":{"start":{"line":133,"column":8},"end":{"line":133,"column":33}},"33":{"start":{"line":137,"column":8},"end":{"line":137,"column":25}},"34":{"start":{"line":141,"column":8},"end":{"line":141,"column":26}},"35":{"start":{"line":145,"column":8},"end":{"line":145,"column":28}},"36":{"start":{"line":149,"column":8},"end":{"line":149,"column":21}},"37":{"start":{"line":153,"column":8},"end":{"line":153,"column":29}},"38":{"start":{"line":157,"column":8},"end":{"line":157,"column":26}},"39":{"start":{"line":161,"column":8},"end":{"line":161,"column":28}},"40":{"start":{"line":165,"column":8},"end":{"line":165,"column":68}},"41":{"start":{"line":168,"column":12},"end":{"line":168,"column":55}},"42":{"start":{"line":169,"column":12},"end":{"line":169,"column":56}},"43":{"start":{"line":172,"column":8},"end":{"line":172,"column":35}},"44":{"start":{"line":173,"column":8},"end":{"line":173,"column":26}},"45":{"start":{"line":177,"column":8},"end":{"line":177,"column":5178}},"46":{"start":{"line":178,"column":12},"end":{"line":178,"column":46}},"47":{"start":{"line":195,"column":8},"end":{"line":195,"column":52}},"48":{"start":{"line":208,"column":8},"end":{"line":208,"column":51}}},"branchMap":{"1":{"line":38,"type":"if","locations":[{"start":{"line":38,"column":8},"end":{"line":38,"column":8}},{"start":{"line":38,"column":8},"end":{"line":38,"column":8}}]},"2":{"line":39,"type":"if","locations":[{"start":{"line":39,"column":8},"end":{"line":39,"column":8}},{"start":{"line":39,"column":8},"end":{"line":39,"column":8}}]},"3":{"line":43,"type":"if","locations":[{"start":{"line":43,"column":8},"end":{"line":43,"column":8}},{"start":{"line":43,"column":8},"end":{"line":43,"column":8}}]},"4":{"line":60,"type":"if","locations":[{"start":{"line":60,"column":8},"end":{"line":60,"column":8}},{"start":{"line":60,"column":8},"end":{"line":60,"column":8}}]},"5":{"line":61,"type":"if","locations":[{"start":{"line":61,"column":8},"end":{"line":61,"column":8}},{"start":{"line":61,"column":8},"end":{"line":61,"column":8}}]},"6":{"line":62,"type":"if","locations":[{"start":{"line":62,"column":8},"end":{"line":62,"column":8}},{"start":{"line":62,"column":8},"end":{"line":62,"column":8}}]},"7":{"line":76,"type":"if","locations":[{"start":{"line":76,"column":8},"end":{"line":76,"column":8}},{"start":{"line":76,"column":8},"end":{"line":76,"column":8}}]},"8":{"line":77,"type":"if","locations":[{"start":{"line":77,"column":8},"end":{"line":77,"column":8}},{"start":{"line":77,"column":8},"end":{"line":77,"column":8}}]},"9":{"line":78,"type":"if","locations":[{"start":{"line":78,"column":8},"end":{"line":78,"column":8}},{"start":{"line":78,"column":8},"end":{"line":78,"column":8}}]},"10":{"line":79,"type":"if","locations":[{"start":{"line":79,"column":8},"end":{"line":79,"column":8}},{"start":{"line":79,"column":8},"end":{"line":79,"column":8}}]},"11":{"line":80,"type":"if","locations":[{"start":{"line":80,"column":8},"end":{"line":80,"column":8}},{"start":{"line":80,"column":8},"end":{"line":80,"column":8}}]},"12":{"line":97,"type":"if","locations":[{"start":{"line":97,"column":8},"end":{"line":97,"column":8}},{"start":{"line":97,"column":8},"end":{"line":97,"column":8}}]},"13":{"line":165,"type":"if","locations":[{"start":{"line":165,"column":8},"end":{"line":165,"column":8}},{"start":{"line":165,"column":8},"end":{"line":165,"column":8}}]}}},
"contracts/erc721/TokenCollection.sol":{"l":{"28":126,"38":210,"39":210,"40":210,"41":210,"43":210,"44":210,"52":52,"62":130,"69":12,"76":0,"80":13,"84":13,"93":90,"95":90,"96":90,"98":90,"99":90,"100":90,"108":142,"109":145,"110":145,"111":145,"112":145,"113":133,"114":133,"126":0,"133":13,"145":158,"158":630},"path":"/Users/tpae/dev/niftykit/packages/contracts/niftykitv2/contracts/erc721/TokenCollection.sol","s":{"1":126,"2":210,"3":210,"4":210,"5":210,"6":210,"7":210,"8":52,"9":130,"10":12,"11":0,"12":13,"13":13,"14":90,"15":90,"16":90,"17":90,"18":90,"19":142,"20":145,"21":145,"22":145,"23":145,"24":0,"25":13,"26":158,"27":630},"b":{},"f":{"1":126,"2":210,"3":52,"4":130,"5":12,"6":0,"7":13,"8":13,"9":90,"10":142,"11":0,"12":13,"13":158,"14":630},"fnMap":{"1":{"name":"constructor","line":27,"loc":{"start":{"line":27,"column":4},"end":{"line":29,"column":4}}},"2":{"name":"initialize","line":37,"loc":{"start":{"line":31,"column":4},"end":{"line":45,"column":4}}},"3":{"name":"mint","line":51,"loc":{"start":{"line":47,"column":4},"end":{"line":53,"column":4}}},"4":{"name":"createRedeemable","line":61,"loc":{"start":{"line":55,"column":4},"end":{"line":63,"column":4}}},"5":{"name":"setMerkleRoot","line":67,"loc":{"start":{"line":65,"column":4},"end":{"line":70,"column":4}}},"6":{"name":"setTokenURI","line":74,"loc":{"start":{"line":72,"column":4},"end":{"line":77,"column":4}}},"7":{"name":"invalidate","line":79,"loc":{"start":{"line":79,"column":4},"end":{"line":81,"column":4}}},"8":{"name":"revoke","line":83,"loc":{"start":{"line":83,"column":4},"end":{"line":85,"column":4}}},"9":{"name":"redeem","line":87,"loc":{"start":{"line":87,"column":4},"end":{"line":101,"column":4}}},"10":{"name":"_mint","line":103,"loc":{"start":{"line":103,"column":4},"end":{"line":117,"column":4}}},"11":{"name":"tokenURI","line":120,"loc":{"start":{"line":120,"column":4},"end":{"line":127,"column":4}}},"12":{"name":"_burn","line":129,"loc":{"start":{"line":129,"column":4},"end":{"line":134,"column":4}}},"13":{"name":"_beforeTokenTransfer","line":136,"loc":{"start":{"line":136,"column":4},"end":{"line":146,"column":4}}},"14":{"name":"supportsInterface","line":151,"loc":{"start":{"line":151,"column":4},"end":{"line":159,"column":4}}}},"statementMap":{"1":{"start":{"line":28,"column":8},"end":{"line":28,"column":29}},"2":{"start":{"line":38,"column":8},"end":{"line":38,"column":36}},"3":{"start":{"line":39,"column":8},"end":{"line":39,"column":32}},"4":{"start":{"line":40,"column":8},"end":{"line":40,"column":32}},"5":{"start":{"line":41,"column":8},"end":{"line":41,"column":30}},"6":{"start":{"line":43,"column":8},"end":{"line":43,"column":62}},"7":{"start":{"line":44,"column":8},"end":{"line":44,"column":34}},"8":{"start":{"line":52,"column":8},"end":{"line":52,"column":31}},"9":{"start":{"line":62,"column":8},"end":{"line":62,"column":75}},"10":{"start":{"line":69,"column":8},"end":{"line":69,"column":44}},"11":{"start":{"line":76,"column":8},"end":{"line":76,"column":36}},"12":{"start":{"line":80,"column":8},"end":{"line":80,"column":32}},"13":{"start":{"line":84,"column":8},"end":{"line":84,"column":28}},"14":{"start":{"line":93,"column":8},"end":{"line":93,"column":65}},"15":{"start":{"line":96,"column":12},"end":{"line":96,"column":55}},"16":{"start":{"line":98,"column":8},"end":{"line":98,"column":35}},"17":{"start":{"line":99,"column":8},"end":{"line":99,"column":57}},"18":{"start":{"line":100,"column":8},"end":{"line":100,"column":65}},"19":{"start":{"line":108,"column":8},"end":{"line":108,"column":3161}},"20":{"start":{"line":109,"column":12},"end":{"line":109,"column":55}},"21":{"start":{"line":110,"column":12},"end":{"line":110,"column":38}},"22":{"start":{"line":111,"column":12},"end":{"line":111,"column":33}},"23":{"start":{"line":112,"column":12},"end":{"line":112,"column":37}},"24":{"start":{"line":126,"column":8},"end":{"line":126,"column":60}},"25":{"start":{"line":133,"column":8},"end":{"line":133,"column":49}},"26":{"start":{"line":145,"column":8},"end":{"line":145,"column":52}},"27":{"start":{"line":158,"column":8},"end":{"line":158,"column":51}}},"branchMap":{}},
"contracts/erc721a/DropCollection.sol":{"l":{"33":126,"37":82,"38":82,"42":82,"43":82,"53":182,"54":182,"55":182,"59":39,"60":39,"61":39,"66":39,"74":43,"75":43,"76":43,"77":43,"78":42,"79":39,"88":39,"95":13,"96":13,"98":13,"99":13,"100":11,"101":11,"107":78,"117":130,"118":130,"120":130,"121":130,"122":130,"123":130,"127":0,"128":0,"132":0,"136":0,"140":0,"144":0,"148":0,"152":12,"156":20,"160":0,"164":78,"166":78,"167":78,"170":78,"171":78,"172":78,"176":264,"190":546},"path":"/Users/tpae/dev/niftykit/packages/contracts/niftykitv2/contracts/erc721a/DropCollection.sol","s":{"1":126,"2":82,"3":82,"4":82,"5":182,"6":182,"7":182,"8":39,"9":39,"10":39,"11":39,"12":43,"13":43,"14":43,"15":43,"16":42,"17":39,"18":39,"19":13,"20":13,"21":13,"22":13,"23":78,"24":130,"25":130,"26":130,"27":130,"28":130,"29":130,"30":0,"31":0,"32":0,"33":0,"34":0,"35":0,"36":0,"37":12,"38":20,"39":0,"40":78,"41":78,"42":78,"43":78,"44":78,"45":264,"46":546},"b":{"1":[82,0],"2":[82,0],"3":[82,0],"4":[39,0],"5":[39,0],"6":[39,0],"7":[43,0],"8":[43,0],"9":[42,1],"10":[39,3],"11":[39,0],"12":[13,0],"13":[78,0]},"f":{"1":126,"2":82,"3":182,"4":39,"5":43,"6":13,"7":78,"8":130,"9":0,"10":0,"11":0,"12":0,"13":0,"14":0,"15":12,"16":20,"17":0,"18":78,"19":264,"20":546},"fnMap":{"1":{"name":"constructor","line":32,"loc":{"start":{"line":32,"column":4},"end":{"line":34,"column":4}}},"2":{"name":"onlyMintable","line":36,"loc":{"start":{"line":36,"column":4},"end":{"line":44,"column":4}}},"3":{"name":"initialize","line":52,"loc":{"start":{"line":46,"column":4},"end":{"line":56,"column":4}}},"4":{"name":"mint","line":58,"loc":{"start":{"line":58,"column":4},"end":{"line":67,"column":4}}},"5":{"name":"presaleMint","line":73,"loc":{"start":{"line":69,"column":4},"end":{"line":89,"column":4}}},"6":{"name":"batchAirdrop","line":94,"loc":{"start":{"line":91,"column":4},"end":{"line":104,"column":4}}},"7":{"name":"setMerkleRoot","line":106,"loc":{"start":{"line":106,"column":4},"end":{"line":108,"column":4}}},"8":{"name":"startSale","line":116,"loc":{"start":{"line":110,"column":4},"end":{"line":124,"column":4}}},"9":{"name":"stopSale","line":126,"loc":{"start":{"line":126,"column":4},"end":{"line":129,"column":4}}},"10":{"name":"setBaseURI","line":131,"loc":{"start":{"line":131,"column":4},"end":{"line":133,"column":4}}},"11":{"name":"maxAmount","line":135,"loc":{"start":{"line":135,"column":4},"end":{"line":137,"column":4}}},"12":{"name":"maxPerMint","line":139,"loc":{"start":{"line":139,"column":4},"end":{"line":141,"column":4}}},"13":{"name":"maxPerWallet","line":143,"loc":{"start":{"line":143,"column":4},"end":{"line":145,"column":4}}},"14":{"name":"price","line":147,"loc":{"start":{"line":147,"column":4},"end":{"line":149,"column":4}}},"15":{"name":"presaleActive","line":151,"loc":{"start":{"line":151,"column":4},"end":{"line":153,"column":4}}},"16":{"name":"saleActive","line":155,"loc":{"start":{"line":155,"column":4},"end":{"line":157,"column":4}}},"17":{"name":"_baseURI","line":159,"loc":{"start":{"line":159,"column":4},"end":{"line":161,"column":4}}},"18":{"name":"_purchaseMint","line":163,"loc":{"start":{"line":163,"column":4},"end":{"line":173,"column":4}}},"19":{"name":"_startTokenId","line":175,"loc":{"start":{"line":175,"column":4},"end":{"line":177,"column":4}}},"20":{"name":"supportsInterface","line":183,"loc":{"start":{"line":183,"column":4},"end":{"line":193,"column":4}}}},"statementMap":{"1":{"start":{"line":33,"column":8},"end":{"line":33,"column":29}},"2":{"start":{"line":37,"column":8},"end":{"line":37,"column":45}},"3":{"start":{"line":38,"column":8},"end":{"line":38,"column":1143}},"4":{"start":{"line":42,"column":8},"end":{"line":42,"column":64}},"5":{"start":{"line":53,"column":8},"end":{"line":53,"column":37}},"6":{"start":{"line":54,"column":8},"end":{"line":54,"column":32}},"7":{"start":{"line":55,"column":8},"end":{"line":55,"column":62}},"8":{"start":{"line":59,"column":8},"end":{"line":59,"column":49}},"9":{"start":{"line":60,"column":8},"end":{"line":60,"column":46}},"10":{"start":{"line":61,"column":8},"end":{"line":61,"column":1905}},"11":{"start":{"line":66,"column":8},"end":{"line":66,"column":44}},"12":{"start":{"line":74,"column":8},"end":{"line":74,"column":63}},"13":{"start":{"line":75,"column":8},"end":{"line":75,"column":52}},"14":{"start":{"line":76,"column":8},"end":{"line":76,"column":52}},"15":{"start":{"line":77,"column":8},"end":{"line":77,"column":72}},"16":{"start":{"line":78,"column":8},"end":{"line":78,"column":66}},"17":{"start":{"line":79,"column":8},"end":{"line":79,"column":2565}},"18":{"start":{"line":88,"column":8},"end":{"line":88,"column":44}},"19":{"start":{"line":95,"column":8},"end":{"line":95,"column":42}},"20":{"start":{"line":96,"column":8},"end":{"line":96,"column":64}},"21":{"start":{"line":98,"column":8},"end":{"line":98,"column":3097}},"22":{"start":{"line":99,"column":12},"end":{"line":99,"column":46}},"23":{"start":{"line":107,"column":8},"end":{"line":107,"column":28}},"24":{"start":{"line":117,"column":8},"end":{"line":117,"column":25}},"25":{"start":{"line":118,"column":8},"end":{"line":118,"column":31}},"26":{"start":{"line":120,"column":8},"end":{"line":120,"column":32}},"27":{"start":{"line":121,"column":8},"end":{"line":121,"column":34}},"28":{"start":{"line":122,"column":8},"end":{"line":122,"column":38}},"29":{"start":{"line":123,"column":8},"end":{"line":123,"column":24}},"30":{"start":{"line":127,"column":8},"end":{"line":127,"column":26}},"31":{"start":{"line":128,"column":8},"end":{"line":128,"column":29}},"32":{"start":{"line":132,"column":8},"end":{"line":132,"column":33}},"33":{"start":{"line":136,"column":8},"end":{"line":136,"column":25}},"34":{"start":{"line":140,"column":8},"end":{"line":140,"column":26}},"35":{"start":{"line":144,"column":8},"end":{"line":144,"column":28}},"36":{"start":{"line":148,"column":8},"end":{"line":148,"column":21}},"37":{"start":{"line":152,"column":8},"end":{"line":152,"column":29}},"38":{"start":{"line":156,"column":8},"end":{"line":156,"column":26}},"39":{"start":{"line":160,"column":8},"end":{"line":160,"column":28}},"40":{"start":{"line":164,"column":8},"end":{"line":164,"column":68}},"41":{"start":{"line":167,"column":12},"end":{"line":167,"column":55}},"42":{"start":{"line":170,"column":8},"end":{"line":170,"column":62}},"43":{"start":{"line":171,"column":8},"end":{"line":171,"column":35}},"44":{"start":{"line":172,"column":8},"end":{"line":172,"column":26}},"45":{"start":{"line":176,"column":8},"end":{"line":176,"column":16}},"46":{"start":{"line":190,"column":8},"end":{"line":190,"column":5508}}},"branchMap":{"1":{"line":37,"type":"if","locations":[{"start":{"line":37,"column":8},"end":{"line":37,"column":8}},{"start":{"line":37,"column":8},"end":{"line":37,"column":8}}]},"2":{"line":38,"type":"if","locations":[{"start":{"line":38,"column":8},"end":{"line":38,"column":8}},{"start":{"line":38,"column":8},"end":{"line":38,"column":8}}]},"3":{"line":42,"type":"if","locations":[{"start":{"line":42,"column":8},"end":{"line":42,"column":8}},{"start":{"line":42,"column":8},"end":{"line":42,"column":8}}]},"4":{"line":59,"type":"if","locations":[{"start":{"line":59,"column":8},"end":{"line":59,"column":8}},{"start":{"line":59,"column":8},"end":{"line":59,"column":8}}]},"5":{"line":60,"type":"if","locations":[{"start":{"line":60,"column":8},"end":{"line":60,"column":8}},{"start":{"line":60,"column":8},"end":{"line":60,"column":8}}]},"6":{"line":61,"type":"if","locations":[{"start":{"line":61,"column":8},"end":{"line":61,"column":8}},{"start":{"line":61,"column":8},"end":{"line":61,"column":8}}]},"7":{"line":75,"type":"if","locations":[{"start":{"line":75,"column":8},"end":{"line":75,"column":8}},{"start":{"line":75,"column":8},"end":{"line":75,"column":8}}]},"8":{"line":76,"type":"if","locations":[{"start":{"line":76,"column":8},"end":{"line":76,"column":8}},{"start":{"line":76,"column":8},"end":{"line":76,"column":8}}]},"9":{"line":77,"type":"if","locations":[{"start":{"line":77,"column":8},"end":{"line":77,"column":8}},{"start":{"line":77,"column":8},"end":{"line":77,"column":8}}]},"10":{"line":78,"type":"if","locations":[{"start":{"line":78,"column":8},"end":{"line":78,"column":8}},{"start":{"line":78,"column":8},"end":{"line":78,"column":8}}]},"11":{"line":79,"type":"if","locations":[{"start":{"line":79,"column":8},"end":{"line":79,"column":8}},{"start":{"line":79,"column":8},"end":{"line":79,"column":8}}]},"12":{"line":96,"type":"if","locations":[{"start":{"line":96,"column":8},"end":{"line":96,"column":8}},{"start":{"line":96,"column":8},"end":{"line":96,"column":8}}]},"13":{"line":164,"type":"if","locations":[{"start":{"line":164,"column":8},"end":{"line":164,"column":8}},{"start":{"line":164,"column":8},"end":{"line":164,"column":8}}]}}},
"contracts/interfaces/IBaseCollection.sol":{"l":{},"path":"/Users/tpae/dev/niftykit/packages/contracts/niftykitv2/contracts/interfaces/IBaseCollection.sol","s":{},"b":{},"f":{},"fnMap":{},"statementMap":{},"branchMap":{}},
"contracts/interfaces/IDropKitPass.sol":{"l":{},"path":"/Users/tpae/dev/niftykit/packages/contracts/niftykitv2/contracts/interfaces/IDropKitPass.sol","s":{},"b":{},"f":{},"fnMap":{},"statementMap":{},"branchMap":{}},
"contracts/interfaces/INiftyKit.sol":{"l":{},"path":"/Users/tpae/dev/niftykit/packages/contracts/niftykitv2/contracts/interfaces/INiftyKit.sol","s":{},"b":{},"f":{},"fnMap":{},"statementMap":{},"branchMap":{}},
"contracts/NiftyKitV2.sol":{"l":{"32":6,"36":126,"37":126,"48":574,"49":574,"50":574,"55":574,"63":574,"64":492,"68":0,"72":0,"79":1512,"86":0,"88":0,"89":0,"96":0,"98":0,"99":0,"103":0,"107":39,"109":39,"113":247,"115":247,"116":247,"123":39,"125":39,"126":39,"136":250,"140":250,"144":39,"148":0,"161":574,"162":574,"163":574,"164":574,"166":574,"167":0,"168":0,"172":574},"path":"/Users/tpae/dev/niftykit/packages/contracts/niftykitv2/contracts/NiftyKitV2.sol","s":{"1":6,"2":126,"3":126,"4":574,"5":574,"6":574,"7":574,"8":574,"9":492,"10":0,"11":0,"12":1512,"13":0,"14":0,"15":0,"16":0,"17":0,"18":0,"19":0,"20":39,"21":39,"22":247,"23":247,"24":39,"25":39,"26":250,"27":250,"28":39,"29":0,"30":574,"31":574,"32":574,"33":574,"34":574,"35":0,"36":0,"37":574},"b":{"1":[574,0],"2":[574,0],"3":[0,0],"4":[0,0],"5":[39,0],"6":[247,0],"7":[39,0],"8":[0,574]},"f":{"1":6,"2":126,"3":574,"4":0,"5":0,"6":1512,"7":0,"8":0,"9":0,"10":39,"11":247,"12":39,"13":250,"14":39,"15":0,"16":574},"fnMap":{"1":{"name":"constructor","line":31,"loc":{"start":{"line":31,"column":4},"end":{"line":33,"column":4}}},"2":{"name":"initialize","line":35,"loc":{"start":{"line":35,"column":4},"end":{"line":38,"column":4}}},"3":{"name":"createCollection","line":40,"loc":{"start":{"line":40,"column":4},"end":{"line":65,"column":4}}},"4":{"name":"setDropKitPass","line":67,"loc":{"start":{"line":67,"column":4},"end":{"line":69,"column":4}}},"5":{"name":"setTreasury","line":71,"loc":{"start":{"line":71,"column":4},"end":{"line":73,"column":4}}},"6":{"name":"setImplementation","line":77,"loc":{"start":{"line":75,"column":4},"end":{"line":80,"column":4}}},"7":{"name":"addCollection","line":84,"loc":{"start":{"line":82,"column":4},"end":{"line":90,"column":4}}},"8":{"name":"setRateOverride","line":94,"loc":{"start":{"line":92,"column":4},"end":{"line":100,"column":4}}},"9":{"name":"getDropKitPass","line":102,"loc":{"start":{"line":102,"column":4},"end":{"line":104,"column":4}}},"10":{"name":"withdraw","line":106,"loc":{"start":{"line":106,"column":4},"end":{"line":110,"column":4}}},"11":{"name":"addFees","line":112,"loc":{"start":{"line":112,"column":4},"end":{"line":120,"column":4}}},"12":{"name":"addFeesClaimed","line":122,"loc":{"start":{"line":122,"column":4},"end":{"line":128,"column":4}}},"13":{"name":"commission","line":130,"loc":{"start":{"line":130,"column":4},"end":{"line":141,"column":4}}},"14":{"name":"getFees","line":143,"loc":{"start":{"line":143,"column":4},"end":{"line":145,"column":4}}},"15":{"name":"getImplementation","line":147,"loc":{"start":{"line":147,"column":4},"end":{"line":149,"column":4}}},"16":{"name":"_createCollection","line":153,"loc":{"start":{"line":153,"column":4},"end":{"line":173,"column":4}}}},"statementMap":{"1":{"start":{"line":32,"column":8},"end":{"line":32,"column":29}},"2":{"start":{"line":36,"column":8},"end":{"line":36,"column":23}},"3":{"start":{"line":37,"column":8},"end":{"line":37,"column":31}},"4":{"start":{"line":48,"column":8},"end":{"line":48,"column":57}},"5":{"start":{"line":49,"column":8},"end":{"line":49,"column":70}},"6":{"start":{"line":50,"column":8},"end":{"line":50,"column":2012}},"7":{"start":{"line":55,"column":8},"end":{"line":55,"column":2151}},"8":{"start":{"line":63,"column":8},"end":{"line":63,"column":33}},"9":{"start":{"line":64,"column":8},"end":{"line":64,"column":48}},"10":{"start":{"line":68,"column":8},"end":{"line":68,"column":47}},"11":{"start":{"line":72,"column":8},"end":{"line":72,"column":27}},"12":{"start":{"line":79,"column":8},"end":{"line":79,"column":48}},"13":{"start":{"line":86,"column":8},"end":{"line":86,"column":68}},"14":{"start":{"line":88,"column":8},"end":{"line":88,"column":35}},"15":{"start":{"line":89,"column":8},"end":{"line":89,"column":50}},"16":{"start":{"line":96,"column":8},"end":{"line":96,"column":67}},"17":{"start":{"line":98,"column":8},"end":{"line":98,"column":47}},"18":{"start":{"line":99,"column":8},"end":{"line":99,"column":45}},"19":{"start":{"line":103,"column":8},"end":{"line":103,"column":36}},"20":{"start":{"line":107,"column":8},"end":{"line":107,"column":73}},"21":{"start":{"line":109,"column":8},"end":{"line":109,"column":63}},"22":{"start":{"line":113,"column":8},"end":{"line":113,"column":73}},"23":{"start":{"line":116,"column":12},"end":{"line":116,"column":3851}},"24":{"start":{"line":123,"column":8},"end":{"line":123,"column":73}},"25":{"start":{"line":126,"column":12},"end":{"line":126,"column":78}},"26":{"start":{"line":136,"column":8},"end":{"line":136,"column":4390}},"27":{"start":{"line":140,"column":8},"end":{"line":140,"column":42}},"28":{"start":{"line":144,"column":8},"end":{"line":144,"column":56}},"29":{"start":{"line":148,"column":8},"end":{"line":148,"column":39}},"30":{"start":{"line":161,"column":8},"end":{"line":161,"column":66}},"31":{"start":{"line":162,"column":8},"end":{"line":162,"column":62}},"32":{"start":{"line":163,"column":8},"end":{"line":163,"column":73}},"33":{"start":{"line":164,"column":8},"end":{"line":164,"column":49}},"34":{"start":{"line":166,"column":8},"end":{"line":166,"column":5356}},"35":{"start":{"line":167,"column":12},"end":{"line":167,"column":49}},"36":{"start":{"line":168,"column":12},"end":{"line":168,"column":5467}},"37":{"start":{"line":172,"column":8},"end":{"line":172,"column":23}}},"branchMap":{"1":{"line":49,"type":"if","locations":[{"start":{"line":49,"column":8},"end":{"line":49,"column":8}},{"start":{"line":49,"column":8},"end":{"line":49,"column":8}}]},"2":{"line":50,"type":"if","locations":[{"start":{"line":50,"column":8},"end":{"line":50,"column":8}},{"start":{"line":50,"column":8},"end":{"line":50,"column":8}}]},"3":{"line":86,"type":"if","locations":[{"start":{"line":86,"column":8},"end":{"line":86,"column":8}},{"start":{"line":86,"column":8},"end":{"line":86,"column":8}}]},"4":{"line":96,"type":"if","locations":[{"start":{"line":96,"column":8},"end":{"line":96,"column":8}},{"start":{"line":96,"column":8},"end":{"line":96,"column":8}}]},"5":{"line":107,"type":"if","locations":[{"start":{"line":107,"column":8},"end":{"line":107,"column":8}},{"start":{"line":107,"column":8},"end":{"line":107,"column":8}}]},"6":{"line":113,"type":"if","locations":[{"start":{"line":113,"column":8},"end":{"line":113,"column":8}},{"start":{"line":113,"column":8},"end":{"line":113,"column":8}}]},"7":{"line":123,"type":"if","locations":[{"start":{"line":123,"column":8},"end":{"line":123,"column":8}},{"start":{"line":123,"column":8},"end":{"line":123,"column":8}}]},"8":{"line":166,"type":"if","locations":[{"start":{"line":166,"column":8},"end":{"line":166,"column":8}},{"start":{"line":166,"column":8},"end":{"line":166,"column":8}}]}}},
"contracts/Redeemables.sol":{"l":{"40":6,"48":186,"58":130,"59":130,"61":130,"73":120,"83":90,"84":90,"85":89,"86":88,"87":87,"91":86,"96":85,"102":84,"103":14,"113":84,"114":84,"115":84,"118":78,"122":12,"124":12,"128":13,"130":12,"136":13,"138":11},"path":"/Users/tpae/dev/niftykit/packages/contracts/niftykitv2/contracts/Redeemables.sol","s":{"1":6,"2":186,"3":130,"4":130,"5":130,"6":120,"7":90,"8":90,"9":89,"10":88,"11":87,"12":86,"13":85,"14":84,"15":14,"16":74,"17":12,"18":12,"19":13,"20":12,"21":13,"22":11},"b":{"1":[89,1],"2":[88,1],"3":[87,1],"4":[86,1],"5":[85,1],"6":[84,1],"7":[14,70],"8":[14,0],"9":[12,0],"10":[12,1],"11":[11,2]},"f":{"1":6,"2":186,"3":130,"4":90,"5":12,"6":13,"7":13},"fnMap":{"1":{"name":"totalRedeemables","line":39,"loc":{"start":{"line":39,"column":4},"end":{"line":41,"column":4}}},"2":{"name":"redeemableAt","line":43,"loc":{"start":{"line":43,"column":4},"end":{"line":49,"column":4}}},"3":{"name":"_createRedeemable","line":51,"loc":{"start":{"line":51,"column":4},"end":{"line":74,"column":4}}},"4":{"name":"_redeem","line":76,"loc":{"start":{"line":76,"column":4},"end":{"line":119,"column":4}}},"5":{"name":"_setMerkleRoot","line":121,"loc":{"start":{"line":121,"column":4},"end":{"line":125,"column":4}}},"6":{"name":"_invalidate","line":127,"loc":{"start":{"line":127,"column":4},"end":{"line":133,"column":4}}},"7":{"name":"_revoke","line":135,"loc":{"start":{"line":135,"column":4},"end":{"line":139,"column":4}}}},"statementMap":{"1":{"start":{"line":40,"column":8},"end":{"line":40,"column":44}},"2":{"start":{"line":48,"column":8},"end":{"line":48,"column":34}},"3":{"start":{"line":58,"column":8},"end":{"line":58,"column":60}},"4":{"start":{"line":59,"column":8},"end":{"line":59,"column":38}},"5":{"start":{"line":61,"column":8},"end":{"line":61,"column":1943}},"6":{"start":{"line":73,"column":8},"end":{"line":73,"column":44}},"7":{"start":{"line":83,"column":8},"end":{"line":83,"column":65}},"8":{"start":{"line":84,"column":8},"end":{"line":84,"column":47}},"9":{"start":{"line":85,"column":8},"end":{"line":85,"column":78}},"10":{"start":{"line":86,"column":8},"end":{"line":86,"column":74}},"11":{"start":{"line":87,"column":8},"end":{"line":87,"column":2791}},"12":{"start":{"line":91,"column":8},"end":{"line":91,"column":2931}},"13":{"start":{"line":96,"column":8},"end":{"line":96,"column":3113}},"14":{"start":{"line":102,"column":8},"end":{"line":102,"column":3338}},"15":{"start":{"line":103,"column":12},"end":{"line":103,"column":3389}},"16":{"start":{"line":118,"column":8},"end":{"line":118,"column":64}},"17":{"start":{"line":122,"column":8},"end":{"line":122,"column":63}},"18":{"start":{"line":124,"column":8},"end":{"line":124,"column":54}},"19":{"start":{"line":128,"column":8},"end":{"line":128,"column":63}},"20":{"start":{"line":130,"column":8},"end":{"line":130,"column":4213}},"21":{"start":{"line":136,"column":8},"end":{"line":136,"column":63}},"22":{"start":{"line":138,"column":8},"end":{"line":138,"column":48}}},"branchMap":{"1":{"line":84,"type":"if","locations":[{"start":{"line":84,"column":8},"end":{"line":84,"column":8}},{"start":{"line":84,"column":8},"end":{"line":84,"column":8}}]},"2":{"line":85,"type":"if","locations":[{"start":{"line":85,"column":8},"end":{"line":85,"column":8}},{"start":{"line":85,"column":8},"end":{"line":85,"column":8}}]},"3":{"line":86,"type":"if","locations":[{"start":{"line":86,"column":8},"end":{"line":86,"column":8}},{"start":{"line":86,"column":8},"end":{"line":86,"column":8}}]},"4":{"line":87,"type":"if","locations":[{"start":{"line":87,"column":8},"end":{"line":87,"column":8}},{"start":{"line":87,"column":8},"end":{"line":87,"column":8}}]},"5":{"line":91,"type":"if","locations":[{"start":{"line":91,"column":8},"end":{"line":91,"column":8}},{"start":{"line":91,"column":8},"end":{"line":91,"column":8}}]},"6":{"line":96,"type":"if","locations":[{"start":{"line":96,"column":8},"end":{"line":96,"column":8}},{"start":{"line":96,"column":8},"end":{"line":96,"column":8}}]},"7":{"line":102,"type":"if","locations":[{"start":{"line":102,"column":8},"end":{"line":102,"column":8}},{"start":{"line":102,"column":8},"end":{"line":102,"column":8}}]},"8":{"line":103,"type":"if","locations":[{"start":{"line":103,"column":12},"end":{"line":103,"column":12}},{"start":{"line":103,"column":12},"end":{"line":103,"column":12}}]},"9":{"line":122,"type":"if","locations":[{"start":{"line":122,"column":8},"end":{"line":122,"column":8}},{"start":{"line":122,"column":8},"end":{"line":122,"column":8}}]},"10":{"line":128,"type":"if","locations":[{"start":{"line":128,"column":8},"end":{"line":128,"column":8}},{"start":{"line":128,"column":8},"end":{"line":128,"column":8}}]},"11":{"line":136,"type":"if","locations":[{"start":{"line":136,"column":8},"end":{"line":136,"column":8}},{"start":{"line":136,"column":8},"end":{"line":136,"column":8}}]}}}}
