TN:
SF:/Users/tpae/dev/niftykit/packages/contracts/niftykitv2/contracts/BaseCollection.sol
FN:27,__BaseCollection_init
FN:36,withdraw
FN:46,setTreasury
FN:52,setDefaultRoyalty
FN:61,setTokenRoyalty
FN:65,treasury
FN:69,totalRevenue
FN:74,transferOwnership
FN:84,supportsInterface
FNF:9
FNH:9
FNDA:574,__BaseCollection_init
FNDA:40,withdraw
FNDA:12,setTreasury
FNDA:12,setDefaultRoyalty
FNDA:12,setTokenRoyalty
FNDA:2,treasury
FNDA:1,totalRevenue
FNDA:574,transferOwnership
FNDA:1176,supportsInterface
DA:28,574
DA:29,574
DA:31,574
DA:32,574
DA:33,574
DA:37,40
DA:39,39
DA:40,39
DA:41,39
DA:42,39
DA:43,39
DA:47,12
DA:54,12
DA:62,12
DA:66,2
DA:70,1
DA:78,574
DA:91,1176
LF:18
LH:18
BRDA:37,1,0,39
BRDA:37,1,1,1
BRF:2
BRH:2
end_of_record
TN:
SF:/Users/tpae/dev/niftykit/packages/contracts/niftykitv2/contracts/DropKitPass.sol
FN:38,constructor
FN:48,initialize
FN:61,withdraw
FN:70,mint
FN:78,batchAirdrop
FN:90,setTreasury
FN:96,setDefaultRoyalty
FN:101,setBaseURI
FN:105,treasury
FN:109,getFeeRate
FN:114,getFeeRateOf
FN:123,_mintPass
FN:133,_feeValue
FN:141,_baseURI
FN:146,_beforeTokenTransfer
FN:210,supportsInterface
FNF:16
FNH:11
FNDA:3,constructor
FNDA:30,initialize
FNDA:0,withdraw
FNDA:28,mint
FNDA:92,batchAirdrop
FNDA:0,setTreasury
FNDA:0,setDefaultRoyalty
FNDA:12,setBaseURI
FNDA:0,treasury
FNDA:236,getFeeRate
FNDA:5,getFeeRateOf
FNDA:228,_mintPass
FNDA:348,_feeValue
FNDA:1,_baseURI
FNDA:228,_beforeTokenTransfer
FNDA:0,supportsInterface
DA:39,3
DA:49,30
DA:50,30
DA:52,30
DA:53,30
DA:54,30
DA:55,30
DA:57,30
DA:58,30
DA:62,0
DA:64,0
DA:65,0
DA:72,28
DA:79,92
DA:84,92
DA:85,92
DA:86,200
DA:91,0
DA:98,0
DA:102,12
DA:106,0
DA:110,236
DA:111,233
DA:115,5
DA:116,5
DA:117,4
DA:120,1
DA:124,228
DA:125,228
DA:126,228
DA:127,228
DA:128,228
DA:130,228
DA:138,348
DA:142,1
DA:155,228
DA:156,228
DA:159,228
DA:160,120
DA:161,120
DA:165,228
DA:166,48
DA:170,228
DA:171,228
DA:172,228
DA:176,228
DA:178,0
DA:181,0
DA:182,0
DA:184,0
DA:185,0
DA:186,0
DA:187,0
DA:193,0
DA:197,0
DA:200,0
DA:204,228
DA:222,0
LF:58
LH:41
BRDA:62,1,0,0
BRDA:62,1,1,0
BRDA:79,2,0,92
BRDA:79,2,1,0
BRDA:110,3,0,233
BRDA:110,3,1,3
BRDA:116,4,0,4
BRDA:116,4,1,1
BRDA:159,5,0,120
BRDA:159,5,1,108
BRDA:165,6,0,48
BRDA:165,6,1,180
BRDA:176,7,0,0
BRDA:176,7,1,228
BRDA:182,8,0,0
BRDA:182,8,1,0
BRF:16
BRH:10
end_of_record
TN:
SF:/Users/tpae/dev/niftykit/packages/contracts/niftykitv2/contracts/erc721/DropCollection.sol
FN:33,constructor
FN:37,onlyMintable
FN:53,initialize
FN:59,mint
FN:74,presaleMint
FN:95,batchAirdrop
FN:107,setMerkleRoot
FN:117,startSale
FN:127,stopSale
FN:132,setBaseURI
FN:136,maxAmount
FN:140,maxPerMint
FN:144,maxPerWallet
FN:148,price
FN:152,presaleActive
FN:156,saleActive
FN:160,_baseURI
FN:164,_purchaseMint
FN:176,_mint
FN:186,_beforeTokenTransfer
FN:201,supportsInterface
FNF:21
FNH:14
FNDA:126,constructor
FNDA:83,onlyMintable
FNDA:182,initialize
FNDA:40,mint
FNDA:43,presaleMint
FNDA:13,batchAirdrop
FNDA:78,setMerkleRoot
FNDA:130,startSale
FNDA:0,stopSale
FNDA:0,setBaseURI
FNDA:0,maxAmount
FNDA:0,maxPerMint
FNDA:0,maxPerWallet
FNDA:0,price
FNDA:12,presaleActive
FNDA:20,saleActive
FNDA:0,_baseURI
FNDA:79,_purchaseMint
FNDA:92,_mint
FNDA:106,_beforeTokenTransfer
FNDA:546,supportsInterface
DA:34,126
DA:38,83
DA:39,83
DA:43,83
DA:44,83
DA:54,182
DA:55,182
DA:56,182
DA:60,40
DA:61,40
DA:62,40
DA:67,40
DA:75,43
DA:76,43
DA:77,43
DA:78,43
DA:79,42
DA:80,39
DA:89,39
DA:96,13
DA:97,13
DA:99,13
DA:100,13
DA:101,10
DA:102,10
DA:108,78
DA:118,130
DA:119,130
DA:121,130
DA:122,130
DA:123,130
DA:124,130
DA:128,0
DA:129,0
DA:133,0
DA:137,0
DA:141,0
DA:145,0
DA:149,0
DA:153,12
DA:157,20
DA:161,0
DA:165,79
DA:167,79
DA:168,79
DA:169,79
DA:172,79
DA:173,79
DA:177,92
DA:178,106
DA:179,85
DA:180,85
DA:195,106
DA:208,546
LF:54
LH:46
BRDA:38,1,0,83
BRDA:38,1,1,0
BRDA:39,2,0,83
BRDA:39,2,1,0
BRDA:43,3,0,83
BRDA:43,3,1,0
BRDA:60,4,0,40
BRDA:60,4,1,0
BRDA:61,5,0,40
BRDA:61,5,1,0
BRDA:62,6,0,40
BRDA:62,6,1,0
BRDA:76,7,0,43
BRDA:76,7,1,0
BRDA:77,8,0,43
BRDA:77,8,1,0
BRDA:78,9,0,42
BRDA:78,9,1,1
BRDA:79,10,0,39
BRDA:79,10,1,3
BRDA:80,11,0,39
BRDA:80,11,1,0
BRDA:97,12,0,13
BRDA:97,12,1,0
BRDA:165,13,0,79
BRDA:165,13,1,0
BRF:26
BRH:15
end_of_record
TN:
SF:/Users/tpae/dev/niftykit/packages/contracts/niftykitv2/contracts/erc721/TokenCollection.sol
FN:27,constructor
FN:37,initialize
FN:51,mint
FN:61,createRedeemable
FN:67,setMerkleRoot
FN:74,setTokenURI
FN:79,invalidate
FN:83,revoke
FN:87,redeem
FN:103,_mint
FN:120,tokenURI
FN:129,_burn
FN:136,_beforeTokenTransfer
FN:151,supportsInterface
FNF:14
FNH:12
FNDA:126,constructor
FNDA:210,initialize
FNDA:52,mint
FNDA:130,createRedeemable
FNDA:12,setMerkleRoot
FNDA:0,setTokenURI
FNDA:13,invalidate
FNDA:13,revoke
FNDA:90,redeem
FNDA:142,_mint
FNDA:0,tokenURI
FNDA:13,_burn
FNDA:158,_beforeTokenTransfer
FNDA:630,supportsInterface
DA:28,126
DA:38,210
DA:39,210
DA:40,210
DA:41,210
DA:43,210
DA:44,210
DA:52,52
DA:62,130
DA:69,12
DA:76,0
DA:80,13
DA:84,13
DA:93,90
DA:95,90
DA:96,90
DA:98,90
DA:99,90
DA:100,90
DA:108,142
DA:109,145
DA:110,145
DA:111,145
DA:112,145
DA:113,133
DA:114,133
DA:126,0
DA:133,13
DA:145,158
DA:158,630
LF:30
LH:28
BRF:0
BRH:0
end_of_record
TN:
SF:/Users/tpae/dev/niftykit/packages/contracts/niftykitv2/contracts/erc721a/DropCollection.sol
FN:32,constructor
FN:36,onlyMintable
FN:52,initialize
FN:58,mint
FN:73,presaleMint
FN:94,batchAirdrop
FN:106,setMerkleRoot
FN:116,startSale
FN:126,stopSale
FN:131,setBaseURI
FN:135,maxAmount
FN:139,maxPerMint
FN:143,maxPerWallet
FN:147,price
FN:151,presaleActive
FN:155,saleActive
FN:159,_baseURI
FN:163,_purchaseMint
FN:175,_startTokenId
FN:183,supportsInterface
FNF:20
FNH:13
FNDA:126,constructor
FNDA:82,onlyMintable
FNDA:182,initialize
FNDA:39,mint
FNDA:43,presaleMint
FNDA:13,batchAirdrop
FNDA:78,setMerkleRoot
FNDA:130,startSale
FNDA:0,stopSale
FNDA:0,setBaseURI
FNDA:0,maxAmount
FNDA:0,maxPerMint
FNDA:0,maxPerWallet
FNDA:0,price
FNDA:12,presaleActive
FNDA:20,saleActive
FNDA:0,_baseURI
FNDA:78,_purchaseMint
FNDA:264,_startTokenId
FNDA:546,supportsInterface
DA:33,126
DA:37,82
DA:38,82
DA:42,82
DA:43,82
DA:53,182
DA:54,182
DA:55,182
DA:59,39
DA:60,39
DA:61,39
DA:66,39
DA:74,43
DA:75,43
DA:76,43
DA:77,43
DA:78,42
DA:79,39
DA:88,39
DA:95,13
DA:96,13
DA:98,13
DA:99,13
DA:100,11
DA:101,11
DA:107,78
DA:117,130
DA:118,130
DA:120,130
DA:121,130
DA:122,130
DA:123,130
DA:127,0
DA:128,0
DA:132,0
DA:136,0
DA:140,0
DA:144,0
DA:148,0
DA:152,12
DA:156,20
DA:160,0
DA:164,78
DA:166,78
DA:167,78
DA:170,78
DA:171,78
DA:172,78
DA:176,264
DA:190,546
LF:50
LH:42
BRDA:37,1,0,82
BRDA:37,1,1,0
BRDA:38,2,0,82
BRDA:38,2,1,0
BRDA:42,3,0,82
BRDA:42,3,1,0
BRDA:59,4,0,39
BRDA:59,4,1,0
BRDA:60,5,0,39
BRDA:60,5,1,0
BRDA:61,6,0,39
BRDA:61,6,1,0
BRDA:75,7,0,43
BRDA:75,7,1,0
BRDA:76,8,0,43
BRDA:76,8,1,0
BRDA:77,9,0,42
BRDA:77,9,1,1
BRDA:78,10,0,39
BRDA:78,10,1,3
BRDA:79,11,0,39
BRDA:79,11,1,0
BRDA:96,12,0,13
BRDA:96,12,1,0
BRDA:164,13,0,78
BRDA:164,13,1,0
BRF:26
BRH:15
end_of_record
TN:
SF:/Users/tpae/dev/niftykit/packages/contracts/niftykitv2/contracts/interfaces/IBaseCollection.sol
FNF:0
FNH:0
LF:0
LH:0
BRF:0
BRH:0
end_of_record
TN:
SF:/Users/tpae/dev/niftykit/packages/contracts/niftykitv2/contracts/interfaces/IDropKitPass.sol
FNF:0
FNH:0
LF:0
LH:0
BRF:0
BRH:0
end_of_record
TN:
SF:/Users/tpae/dev/niftykit/packages/contracts/niftykitv2/contracts/interfaces/INiftyKit.sol
FNF:0
FNH:0
LF:0
LH:0
BRF:0
BRH:0
end_of_record
TN:
SF:/Users/tpae/dev/niftykit/packages/contracts/niftykitv2/contracts/NiftyKitV2.sol
FN:31,constructor
FN:35,initialize
FN:40,createCollection
FN:67,setDropKitPass
FN:71,setTreasury
FN:77,setImplementation
FN:84,addCollection
FN:94,setRateOverride
FN:102,getDropKitPass
FN:106,withdraw
FN:112,addFees
FN:122,addFeesClaimed
FN:130,commission
FN:143,getFees
FN:147,getImplementation
FN:153,_createCollection
FNF:16
FNH:10
FNDA:6,constructor
FNDA:126,initialize
FNDA:574,createCollection
FNDA:0,setDropKitPass
FNDA:0,setTreasury
FNDA:1512,setImplementation
FNDA:0,addCollection
FNDA:0,setRateOverride
FNDA:0,getDropKitPass
FNDA:39,withdraw
FNDA:247,addFees
FNDA:39,addFeesClaimed
FNDA:250,commission
FNDA:39,getFees
FNDA:0,getImplementation
FNDA:574,_createCollection
DA:32,6
DA:36,126
DA:37,126
DA:48,574
DA:49,574
DA:50,574
DA:55,574
DA:63,574
DA:64,492
DA:68,0
DA:72,0
DA:79,1512
DA:86,0
DA:88,0
DA:89,0
DA:96,0
DA:98,0
DA:99,0
DA:103,0
DA:107,39
DA:109,39
DA:113,247
DA:115,247
DA:116,247
DA:123,39
DA:125,39
DA:126,39
DA:136,250
DA:140,250
DA:144,39
DA:148,0
DA:161,574
DA:162,574
DA:163,574
DA:164,574
DA:166,574
DA:167,0
DA:168,0
DA:172,574
LF:39
LH:27
BRDA:49,1,0,574
BRDA:49,1,1,0
BRDA:50,2,0,574
BRDA:50,2,1,0
BRDA:86,3,0,0
BRDA:86,3,1,0
BRDA:96,4,0,0
BRDA:96,4,1,0
BRDA:107,5,0,39
BRDA:107,5,1,0
BRDA:113,6,0,247
BRDA:113,6,1,0
BRDA:123,7,0,39
BRDA:123,7,1,0
BRDA:166,8,0,0
BRDA:166,8,1,574
BRF:16
BRH:6
end_of_record
TN:
SF:/Users/tpae/dev/niftykit/packages/contracts/niftykitv2/contracts/Redeemables.sol
FN:39,totalRedeemables
FN:43,redeemableAt
FN:51,_createRedeemable
FN:76,_redeem
FN:121,_setMerkleRoot
FN:127,_invalidate
FN:135,_revoke
FNF:7
FNH:7
FNDA:6,totalRedeemables
FNDA:186,redeemableAt
FNDA:130,_createRedeemable
FNDA:90,_redeem
FNDA:12,_setMerkleRoot
FNDA:13,_invalidate
FNDA:13,_revoke
DA:40,6
DA:48,186
DA:58,130
DA:59,130
DA:61,130
DA:73,120
DA:83,90
DA:84,90
DA:85,89
DA:86,88
DA:87,87
DA:91,86
DA:96,85
DA:102,84
DA:103,14
DA:113,84
DA:114,84
DA:115,84
DA:118,78
DA:122,12
DA:124,12
DA:128,13
DA:130,12
DA:136,13
DA:138,11
LF:25
LH:25
BRDA:84,1,0,89
BRDA:84,1,1,1
BRDA:85,2,0,88
BRDA:85,2,1,1
BRDA:86,3,0,87
BRDA:86,3,1,1
BRDA:87,4,0,86
BRDA:87,4,1,1
BRDA:91,5,0,85
BRDA:91,5,1,1
BRDA:96,6,0,84
BRDA:96,6,1,1
BRDA:102,7,0,14
BRDA:102,7,1,70
BRDA:103,8,0,14
BRDA:103,8,1,0
BRDA:122,9,0,12
BRDA:122,9,1,0
BRDA:128,10,0,12
BRDA:128,10,1,1
BRDA:136,11,0,11
BRDA:136,11,1,2
BRF:22
BRH:20
end_of_record
